TN:
SF:E:\WebServer\Platform\WebComponent\SourceCode\SIMCardComponent\models\knex.js
FNF:0
FNH:0
DA:10,1
DA:12,1
LF:2
LH:2
BRF:0
BRH:0
end_of_record
TN:
SF:E:\WebServer\Platform\WebComponent\SourceCode\SIMCardComponent\controllers\common.js
FN:55,(anonymous_1)
FN:67,(anonymous_2)
FN:71,(anonymous_3)
FN:74,(anonymous_4)
FN:77,(anonymous_5)
FN:86,(anonymous_6)
FN:90,(anonymous_7)
FN:107,(anonymous_8)
FN:113,(anonymous_9)
FN:205,(anonymous_10)
FN:208,(anonymous_11)
FN:233,(anonymous_12)
FN:257,(anonymous_13)
FN:283,(anonymous_14)
FN:317,(anonymous_15)
FN:349,(anonymous_16)
FN:367,(anonymous_17)
FN:378,(anonymous_18)
FN:410,(anonymous_19)
FN:418,(anonymous_20)
FN:432,(anonymous_21)
FNF:21
FNH:14
FNDA:34,(anonymous_1)
FNDA:62,(anonymous_2)
FNDA:0,(anonymous_3)
FNDA:0,(anonymous_4)
FNDA:0,(anonymous_5)
FNDA:0,(anonymous_6)
FNDA:8,(anonymous_7)
FNDA:0,(anonymous_8)
FNDA:109,(anonymous_9)
FNDA:23,(anonymous_10)
FNDA:64,(anonymous_11)
FNDA:3,(anonymous_12)
FNDA:0,(anonymous_13)
FNDA:117,(anonymous_14)
FNDA:42,(anonymous_15)
FNDA:66,(anonymous_16)
FNDA:1,(anonymous_17)
FNDA:1,(anonymous_18)
FNDA:8,(anonymous_19)
FNDA:0,(anonymous_20)
FNDA:710,(anonymous_21)
DA:12,1
DA:13,1
DA:14,1
DA:16,1
DA:17,1
DA:18,1
DA:19,1
DA:20,1
DA:21,1
DA:22,1
DA:23,1
DA:24,1
DA:25,1
DA:27,1
DA:41,1
DA:55,1
DA:56,34
DA:57,0
DA:59,34
DA:60,15
DA:61,14
DA:64,20
DA:67,1
DA:68,62
DA:71,1
DA:72,0
DA:73,0
DA:74,0
DA:75,0
DA:77,0
DA:78,0
DA:79,0
DA:80,0
DA:82,0
DA:86,1
DA:87,0
DA:88,0
DA:90,1
DA:91,8
DA:92,8
DA:99,8
DA:100,8
DA:101,8
DA:103,8
DA:104,8
DA:107,1
DA:108,0
DA:109,0
DA:110,0
DA:113,1
DA:114,109
DA:115,913
DA:116,913
DA:117,1362
DA:118,133
DA:119,133
DA:122,913
DA:123,133
DA:126,780
DA:131,1
DA:132,0
DA:133,0
DA:135,0
DA:137,0
DA:138,0
DA:139,0
DA:140,0
DA:141,0
DA:142,0
DA:145,0
DA:146,0
DA:148,0
DA:149,0
DA:151,0
DA:152,0
DA:153,0
DA:154,0
DA:155,0
DA:157,0
DA:160,1
DA:161,0
DA:165,0
DA:166,0
DA:167,0
DA:168,0
DA:169,0
DA:170,0
DA:171,0
DA:172,0
DA:173,0
DA:175,0
DA:176,0
DA:177,0
DA:179,0
DA:180,0
DA:181,0
DA:184,0
DA:185,0
DA:186,0
DA:188,0
DA:189,0
DA:190,0
DA:191,0
DA:192,0
DA:195,0
DA:205,1
DA:206,23
DA:207,23
DA:208,23
DA:209,64
DA:210,5
DA:211,5
DA:212,5
DA:213,5
DA:214,5
DA:215,5
DA:217,5
DA:218,5
DA:219,5
DA:220,5
DA:224,23
DA:233,1
DA:234,3
DA:235,3
DA:236,3
DA:237,9
DA:238,5
DA:239,0
DA:240,0
DA:241,0
DA:242,0
DA:243,0
DA:244,0
DA:246,0
DA:247,0
DA:248,0
DA:249,0
DA:254,3
DA:257,1
DA:258,0
DA:259,0
DA:260,0
DA:261,0
DA:262,0
DA:263,0
DA:264,0
DA:265,0
DA:266,0
DA:267,0
DA:268,0
DA:270,0
DA:271,0
DA:272,0
DA:273,0
DA:274,0
DA:275,0
DA:276,0
DA:277,0
DA:279,0
DA:283,1
DA:284,117
DA:285,117
DA:286,117
DA:287,0
DA:288,0
DA:289,0
DA:290,0
DA:292,117
DA:293,13
DA:294,13
DA:295,13
DA:296,13
DA:297,13
DA:298,13
DA:299,13
DA:300,13
DA:301,13
DA:302,104
DA:303,0
DA:304,0
DA:305,0
DA:306,0
DA:307,0
DA:309,0
DA:310,0
DA:311,0
DA:312,0
DA:314,104
DA:317,1
DA:318,42
DA:320,42
DA:321,42
DA:322,42
DA:323,42
DA:324,42
DA:325,42
DA:326,0
DA:327,0
DA:328,0
DA:329,0
DA:330,0
DA:333,42
DA:334,8
DA:337,34
DA:338,34
DA:339,34
DA:340,0
DA:341,0
DA:342,0
DA:343,0
DA:344,0
DA:346,34
DA:349,1
DA:350,66
DA:351,66
DA:352,66
DA:353,66
DA:354,66
DA:355,45
DA:356,45
DA:357,21
DA:358,0
DA:359,0
DA:362,21
DA:364,66
DA:367,1
DA:368,1
DA:369,0
DA:370,1
DA:372,0
DA:373,0
DA:375,1
DA:378,1
DA:380,1
DA:382,1
DA:383,1
DA:384,1
DA:385,1
DA:386,1
DA:387,1
DA:389,0
DA:390,0
DA:391,0
DA:392,0
DA:395,1
DA:396,0
DA:398,1
DA:399,1
DA:400,1
DA:402,0
DA:403,0
DA:404,0
DA:405,0
DA:407,1
DA:410,1
DA:411,8
DA:412,0
DA:413,0
DA:415,8
DA:418,1
DA:419,0
DA:420,0
DA:421,0
DA:423,0
DA:426,1
DA:427,12
DA:428,0
DA:430,12
DA:431,12
DA:432,710
DA:433,29
DA:434,29
DA:437,12
DA:438,12
DA:440,1
DA:442,51
DA:443,0
DA:444,0
DA:445,0
DA:446,0
DA:447,0
DA:449,0
DA:451,0
DA:454,51
DA:455,51
DA:456,51
DA:457,89
DA:459,51
DA:460,51
DA:462,0
LF:290
LH:149
BRDA:56,1,0,0
BRDA:56,1,1,34
BRDA:60,2,0,14
BRDA:60,2,1,1
BRDA:68,3,0,0
BRDA:68,3,1,62
BRDA:68,4,0,31
BRDA:68,4,1,31
BRDA:79,5,0,0
BRDA:79,5,1,0
BRDA:88,6,0,0
BRDA:88,6,1,0
BRDA:93,7,0,8
BRDA:93,7,1,0
BRDA:93,8,0,8
BRDA:93,8,1,8
BRDA:94,9,0,8
BRDA:94,9,1,0
BRDA:94,10,0,8
BRDA:94,10,1,8
BRDA:95,11,0,8
BRDA:95,11,1,0
BRDA:95,12,0,8
BRDA:95,12,1,8
BRDA:96,13,0,3
BRDA:96,13,1,5
BRDA:96,14,0,8
BRDA:96,14,1,8
BRDA:97,15,0,8
BRDA:97,15,1,0
BRDA:97,16,0,8
BRDA:97,16,1,8
BRDA:104,17,0,8
BRDA:104,17,1,0
BRDA:117,18,0,133
BRDA:117,18,1,1229
BRDA:122,19,0,133
BRDA:122,19,1,780
BRDA:132,20,0,0
BRDA:132,20,1,0
BRDA:132,21,0,0
BRDA:132,21,1,0
BRDA:132,21,2,0
BRDA:140,22,0,0
BRDA:140,22,1,0
BRDA:141,23,0,0
BRDA:141,23,1,0
BRDA:145,24,0,0
BRDA:145,24,1,0
BRDA:154,25,0,0
BRDA:154,25,1,0
BRDA:166,26,0,0
BRDA:166,26,1,0
BRDA:166,27,0,0
BRDA:166,27,1,0
BRDA:170,28,0,0
BRDA:170,28,1,0
BRDA:172,29,0,0
BRDA:172,29,1,0
BRDA:176,30,0,0
BRDA:176,30,1,0
BRDA:176,31,0,0
BRDA:176,31,1,0
BRDA:176,31,2,0
BRDA:176,31,3,0
BRDA:176,31,4,0
BRDA:176,31,5,0
BRDA:176,31,6,0
BRDA:176,31,7,0
BRDA:176,31,8,0
BRDA:176,31,9,0
BRDA:189,32,0,0
BRDA:189,32,1,0
BRDA:209,33,0,5
BRDA:209,33,1,59
BRDA:237,34,0,5
BRDA:237,34,1,4
BRDA:238,35,0,0
BRDA:238,35,1,5
BRDA:259,36,0,0
BRDA:259,36,1,0
BRDA:259,37,0,0
BRDA:259,37,1,0
BRDA:286,38,0,0
BRDA:286,38,1,117
BRDA:292,39,0,13
BRDA:292,39,1,104
BRDA:302,40,0,0
BRDA:302,40,1,104
BRDA:325,41,0,0
BRDA:325,41,1,42
BRDA:325,42,0,42
BRDA:325,42,1,32
BRDA:333,43,0,8
BRDA:333,43,1,34
BRDA:339,44,0,0
BRDA:339,44,1,34
BRDA:339,45,0,34
BRDA:339,45,1,14
BRDA:354,46,0,45
BRDA:354,46,1,21
BRDA:354,47,0,66
BRDA:354,47,1,45
BRDA:354,47,2,45
BRDA:357,48,0,0
BRDA:357,48,1,21
BRDA:357,49,0,21
BRDA:357,49,1,0
BRDA:357,49,2,0
BRDA:368,50,0,0
BRDA:368,50,1,1
BRDA:372,51,0,0
BRDA:372,51,1,0
BRDA:387,52,0,0
BRDA:387,52,1,1
BRDA:387,53,0,1
BRDA:387,53,1,1
BRDA:395,54,0,0
BRDA:395,54,1,1
BRDA:400,55,0,0
BRDA:400,55,1,1
BRDA:400,56,0,1
BRDA:400,56,1,0
BRDA:411,57,0,0
BRDA:411,57,1,8
BRDA:419,58,0,0
BRDA:419,58,1,0
BRDA:427,59,0,0
BRDA:427,59,1,12
BRDA:432,60,0,29
BRDA:432,60,1,72
BRDA:442,61,0,0
BRDA:442,61,1,51
BRDA:454,62,0,51
BRDA:454,62,1,0
BRF:135
BRH:64
end_of_record
TN:
SF:E:\WebServer\Platform\WebComponent\SourceCode\SIMCardComponent\common\log.js
FN:32,getLogger
FN:64,(anonymous_2)
FN:72,checkAndCreateDir
FNF:3
FNH:2
FNDA:14,getLogger
FNDA:0,(anonymous_2)
FNDA:1,checkAndCreateDir
DA:11,1
DA:12,1
DA:13,1
DA:14,1
DA:17,1
DA:27,1
DA:30,1
DA:32,1
DA:33,14
DA:34,14
DA:64,1
DA:67,0
DA:68,0
DA:72,1
DA:73,1
DA:74,1
DA:76,0
DA:77,0
DA:78,0
LF:19
LH:14
BRDA:73,1,0,1
BRDA:73,1,1,0
BRDA:76,2,0,0
BRDA:76,2,1,0
BRF:4
BRH:1
end_of_record
TN:
SF:E:\WebServer\Platform\WebComponent\SourceCode\SIMCardComponent\config\log4js.js
FNF:0
FNH:0
DA:10,1
DA:18,1
LF:2
LH:2
BRF:0
BRH:0
end_of_record
TN:
SF:E:\WebServer\Platform\WebComponent\SourceCode\SIMCardComponent\common\errorCodeTable.js
FN:240,(anonymous_1)
FN:243,(anonymous_2)
FN:246,(anonymous_3)
FN:249,(anonymous_4)
FNF:4
FNH:3
FNDA:64,(anonymous_1)
FNDA:5,(anonymous_2)
FNDA:0,(anonymous_3)
FNDA:1,(anonymous_4)
DA:2,1
DA:4,1
DA:190,1
DA:191,1
DA:192,1
DA:193,166
DA:194,51
DA:195,51
DA:196,51
DA:198,51
DA:199,51
DA:200,53
DA:202,51
DA:206,1
DA:207,1
DA:208,1
DA:209,166
DA:210,10
DA:211,10
DA:212,10
DA:214,10
DA:215,10
DA:216,11
DA:217,2
DA:219,10
DA:223,1
DA:224,1
DA:225,1
DA:226,166
DA:227,16
DA:228,16
DA:229,16
DA:231,16
DA:232,16
DA:233,19
DA:235,16
DA:240,1
DA:241,64
DA:243,1
DA:244,5
DA:246,1
DA:247,0
DA:249,1
DA:250,1
DA:252,1
DA:253,1
LF:46
LH:45
BRDA:193,1,0,51
BRDA:193,1,1,115
BRDA:209,2,0,10
BRDA:209,2,1,156
BRDA:216,3,0,9
BRDA:216,3,1,2
BRDA:226,4,0,16
BRDA:226,4,1,150
BRDA:241,5,0,64
BRDA:241,5,1,0
BRDA:244,6,0,2
BRDA:244,6,1,3
BRDA:247,7,0,0
BRDA:247,7,1,0
BRDA:250,8,0,1
BRDA:250,8,1,0
BRF:16
BRH:12
end_of_record
TN:
SF:E:\WebServer\Platform\WebComponent\SourceCode\SIMCardComponent\common\URIReg.js
FNF:0
FNH:0
DA:3,1
DA:5,1
DA:6,1
DA:7,1
DA:8,0
DA:10,1
DA:15,1
DA:18,1
DA:19,1
DA:20,1
DA:21,1
DA:22,1
DA:23,1
DA:26,1
DA:27,1
DA:28,1
DA:29,1
DA:30,1
DA:31,1
DA:34,1
DA:35,1
DA:38,1
DA:39,1
DA:40,1
DA:41,1
DA:42,1
DA:45,1
DA:46,1
DA:47,1
DA:48,1
DA:49,1
DA:50,1
DA:53,1
DA:54,1
DA:57,1
DA:58,1
DA:59,1
DA:60,1
DA:61,1
DA:64,1
DA:65,1
DA:68,1
DA:69,1
DA:72,1
DA:73,1
LF:45
LH:44
BRDA:7,1,0,0
BRDA:7,1,1,1
BRF:2
BRH:1
end_of_record
TN:
SF:E:\WebServer\Platform\WebComponent\SourceCode\SIMCardComponent\common\domain.js
FN:20,getLocalIP
FN:42,(anonymous_2)
FN:60,(anonymous_3)
FN:76,normalizePort
FN:101,(anonymous_5)
FNF:5
FNH:4
FNDA:1,getLocalIP
FNDA:2,(anonymous_2)
FNDA:0,(anonymous_3)
FNDA:1,normalizePort
FNDA:2,(anonymous_5)
DA:11,1
DA:12,1
DA:13,1
DA:20,1
DA:23,1
DA:26,1
DA:27,4
DA:28,1
DA:29,1
DA:33,1
DA:34,1
DA:35,1
DA:37,1
DA:40,1
DA:41,1
DA:42,1
DA:43,2
DA:44,1
DA:47,1
DA:49,1
DA:51,0
DA:52,0
DA:53,0
DA:56,0
DA:57,0
DA:60,0
DA:61,0
DA:62,0
DA:65,0
DA:66,0
DA:69,0
DA:70,0
DA:71,0
DA:74,0
DA:76,1
DA:77,1
DA:79,1
DA:81,0
DA:84,1
DA:86,1
DA:89,0
DA:91,1
DA:92,1
DA:93,1
DA:94,1
DA:96,1
DA:98,0
DA:100,1
DA:101,1
DA:102,2
LF:50
LH:33
BRDA:27,1,0,1
BRDA:27,1,1,3
BRDA:34,2,0,1
BRDA:34,2,1,0
BRDA:40,3,0,1
BRDA:40,3,1,0
BRDA:43,4,0,1
BRDA:43,4,1,1
BRDA:56,5,0,0
BRDA:56,5,1,0
BRDA:61,6,0,0
BRDA:61,6,1,0
BRDA:65,7,0,0
BRDA:65,7,1,0
BRDA:69,8,0,0
BRDA:69,8,1,0
BRDA:79,9,0,0
BRDA:79,9,1,1
BRDA:84,10,0,1
BRDA:84,10,1,0
BRDA:92,11,0,1
BRDA:92,11,1,0
BRDA:94,12,0,1
BRDA:94,12,1,0
BRF:24
BRH:10
end_of_record
TN:
SF:E:\WebServer\Platform\WebComponent\SourceCode\SIMCardComponent\common\utils.js
FN:16,(anonymous_1)
FN:28,(anonymous_2)
FN:38,(anonymous_3)
FN:45,(anonymous_4)
FN:49,(anonymous_5)
FN:53,(anonymous_6)
FN:57,(anonymous_7)
FN:61,(anonymous_8)
FN:65,(anonymous_9)
FN:69,(anonymous_10)
FN:72,(anonymous_11)
FN:76,(anonymous_12)
FN:80,(anonymous_13)
FN:84,(anonymous_14)
FN:92,(anonymous_15)
FN:96,(anonymous_16)
FN:100,(anonymous_17)
FN:104,(anonymous_18)
FN:108,(anonymous_19)
FN:112,(anonymous_20)
FN:115,(anonymous_21)
FN:119,(anonymous_22)
FN:123,(anonymous_23)
FN:127,(anonymous_24)
FN:131,(anonymous_25)
FN:135,(anonymous_26)
FN:139,(anonymous_27)
FN:143,(anonymous_28)
FN:147,(anonymous_29)
FN:151,(anonymous_30)
FN:158,(anonymous_31)
FNF:31
FNH:11
FNDA:20,(anonymous_1)
FNDA:16,(anonymous_2)
FNDA:73,(anonymous_3)
FNDA:0,(anonymous_4)
FNDA:0,(anonymous_5)
FNDA:0,(anonymous_6)
FNDA:0,(anonymous_7)
FNDA:0,(anonymous_8)
FNDA:1077,(anonymous_9)
FNDA:7,(anonymous_10)
FNDA:12,(anonymous_11)
FNDA:3,(anonymous_12)
FNDA:0,(anonymous_13)
FNDA:2,(anonymous_14)
FNDA:0,(anonymous_15)
FNDA:0,(anonymous_16)
FNDA:0,(anonymous_17)
FNDA:0,(anonymous_18)
FNDA:0,(anonymous_19)
FNDA:0,(anonymous_20)
FNDA:0,(anonymous_21)
FNDA:0,(anonymous_22)
FNDA:0,(anonymous_23)
FNDA:1,(anonymous_24)
FNDA:1,(anonymous_25)
FNDA:0,(anonymous_26)
FNDA:0,(anonymous_27)
FNDA:0,(anonymous_28)
FNDA:0,(anonymous_29)
FNDA:1,(anonymous_30)
FNDA:0,(anonymous_31)
DA:10,1
DA:11,1
DA:14,1
DA:16,1
DA:17,20
DA:18,20
DA:19,20
DA:20,20
DA:21,19
DA:23,1
DA:24,1
DA:25,1
DA:28,1
DA:29,16
DA:30,16
DA:31,28
DA:32,28
DA:34,16
DA:37,1
DA:38,1
DA:39,73
DA:40,73
DA:42,0
DA:45,1
DA:46,0
DA:49,1
DA:50,0
DA:53,1
DA:54,0
DA:57,1
DA:58,0
DA:61,1
DA:62,0
DA:65,1
DA:66,1077
DA:69,1
DA:70,7
DA:72,1
DA:73,12
DA:76,1
DA:77,3
DA:80,1
DA:81,0
DA:84,1
DA:85,2
DA:86,2
DA:88,0
DA:92,1
DA:93,0
DA:96,1
DA:97,0
DA:100,1
DA:101,0
DA:104,1
DA:105,0
DA:108,1
DA:109,0
DA:112,1
DA:113,0
DA:115,1
DA:116,0
DA:119,1
DA:120,0
DA:123,1
DA:124,0
DA:127,1
DA:128,1
DA:131,1
DA:132,1
DA:135,1
DA:136,0
DA:139,1
DA:140,0
DA:143,1
DA:144,0
DA:147,1
DA:148,0
DA:151,1
DA:152,1
DA:153,1
DA:154,1
DA:155,0
DA:156,0
DA:157,0
DA:158,0
DA:159,0
DA:160,0
DA:163,1
LF:88
LH:61
BRDA:20,1,0,19
BRDA:20,1,1,1
BRDA:33,2,0,28
BRDA:33,2,1,22
BRDA:39,3,0,73
BRDA:39,3,1,0
BRDA:62,4,0,0
BRDA:62,4,1,0
BRDA:66,5,0,979
BRDA:66,5,1,98
BRDA:66,6,0,10
BRDA:66,6,1,88
BRDA:70,7,0,7
BRDA:70,7,1,0
BRDA:70,8,0,0
BRDA:70,8,1,0
BRDA:73,9,0,12
BRDA:73,9,1,0
BRDA:73,10,0,0
BRDA:73,10,1,0
BRDA:85,11,0,2
BRDA:85,11,1,0
BRDA:85,12,0,2
BRDA:85,12,1,0
BRDA:154,13,0,0
BRDA:154,13,1,1
BRDA:156,14,0,0
BRDA:156,14,1,0
BRDA:160,15,0,0
BRDA:160,15,1,0
BRF:30
BRH:14
end_of_record
TN:
SF:E:\WebServer\Platform\WebComponent\SourceCode\SIMCardComponent\simCardComponent.js
FN:57,normalizePort
FN:77,onError
FN:105,onListening
FNF:3
FNH:2
FNDA:1,normalizePort
FNDA:0,onError
FNDA:1,onListening
DA:6,1
DA:7,1
DA:8,1
DA:10,1
DA:11,1
DA:12,1
DA:14,1
DA:15,1
DA:16,1
DA:18,1
DA:19,0
DA:20,0
DA:22,1
DA:23,0
DA:24,0
DA:30,1
DA:31,1
DA:37,1
DA:38,1
DA:39,0
DA:41,1
DA:48,1
DA:49,1
DA:50,1
DA:51,1
DA:57,1
DA:58,1
DA:60,1
DA:62,0
DA:65,1
DA:67,1
DA:70,0
DA:77,1
DA:78,0
DA:79,0
DA:82,0
DA:87,0
DA:89,0
DA:90,0
DA:91,0
DA:93,0
DA:94,0
DA:95,0
DA:97,0
DA:105,1
DA:106,1
DA:107,1
DA:110,1
LF:48
LH:30
BRDA:18,1,0,0
BRDA:18,1,1,1
BRDA:22,2,0,0
BRDA:22,2,1,1
BRDA:38,3,0,0
BRDA:38,3,1,1
BRDA:60,4,0,0
BRDA:60,4,1,1
BRDA:65,5,0,1
BRDA:65,5,1,0
BRDA:78,6,0,0
BRDA:78,6,1,0
BRDA:82,7,0,0
BRDA:82,7,1,0
BRDA:87,8,0,0
BRDA:87,8,1,0
BRDA:87,8,2,0
BRDA:107,9,0,0
BRDA:107,9,1,1
BRF:19
BRH:6
end_of_record
TN:
SF:E:\WebServer\Platform\WebComponent\SourceCode\SIMCardComponent\app.js
FN:30,(anonymous_1)
FN:41,(anonymous_2)
FN:52,(anonymous_3)
FNF:3
FNH:0
FNDA:0,(anonymous_1)
FNDA:0,(anonymous_2)
FNDA:0,(anonymous_3)
DA:1,1
DA:2,1
DA:3,1
DA:4,1
DA:5,1
DA:6,1
DA:8,1
DA:10,1
DA:12,1
DA:15,1
DA:16,1
DA:20,1
DA:21,1
DA:22,1
DA:23,1
DA:24,1
DA:26,1
DA:27,1
DA:30,1
DA:31,0
DA:32,0
DA:33,0
DA:40,1
DA:41,1
DA:42,0
DA:43,0
DA:52,1
DA:53,0
DA:54,0
DA:61,1
LF:30
LH:23
BRDA:40,1,0,1
BRDA:40,1,1,0
BRDA:42,2,0,0
BRDA:42,2,1,0
BRDA:53,3,0,0
BRDA:53,3,1,0
BRF:6
BRH:1
end_of_record
TN:
SF:E:\WebServer\Platform\WebComponent\SourceCode\SIMCardComponent\routes\routes.js
FNF:0
FNH:0
DA:2,1
DA:3,1
DA:4,1
DA:5,1
DA:6,1
DA:7,1
DA:8,1
DA:9,1
DA:10,1
DA:11,1
DA:12,1
DA:13,1
DA:14,1
DA:15,1
DA:16,1
DA:19,1
DA:20,1
DA:21,1
DA:22,1
DA:23,1
DA:24,1
DA:25,1
DA:26,1
DA:27,1
DA:28,1
DA:29,1
DA:30,1
DA:33,1
DA:34,1
DA:35,1
DA:36,1
DA:37,1
DA:38,1
DA:39,1
DA:40,1
DA:41,1
DA:42,1
DA:43,1
DA:44,1
DA:45,1
DA:46,1
DA:50,1
DA:51,1
DA:52,1
DA:53,1
DA:54,1
DA:55,1
DA:56,1
DA:57,1
DA:58,1
DA:59,1
DA:60,1
DA:61,1
DA:62,1
DA:65,1
DA:66,1
DA:67,1
DA:68,1
DA:69,1
DA:70,1
DA:71,1
DA:72,1
DA:73,1
DA:74,1
DA:75,1
DA:76,1
DA:80,1
DA:81,1
DA:82,1
DA:83,1
DA:84,1
DA:85,1
DA:86,1
DA:87,1
DA:88,1
DA:89,1
DA:90,1
DA:91,1
DA:92,1
DA:95,1
DA:96,1
DA:97,1
DA:98,1
DA:99,1
DA:100,1
DA:101,1
DA:102,1
DA:103,1
DA:104,1
DA:105,1
DA:109,1
DA:110,1
DA:111,1
DA:112,1
DA:113,1
DA:114,1
DA:115,1
DA:116,1
DA:117,1
DA:118,1
DA:119,1
DA:120,1
DA:121,1
DA:122,1
DA:125,1
DA:126,1
DA:127,1
DA:128,1
DA:129,1
DA:130,1
DA:131,1
DA:132,1
DA:133,1
DA:134,1
DA:135,1
DA:138,1
DA:139,1
DA:140,1
DA:141,1
DA:142,1
DA:143,1
DA:144,1
DA:145,1
DA:146,1
DA:150,1
DA:151,1
DA:152,1
DA:153,1
DA:154,1
DA:155,1
DA:156,1
DA:157,1
DA:158,1
DA:161,1
DA:162,1
DA:164,1
LF:136
LH:136
BRF:0
BRH:0
end_of_record
TN:
SF:E:\WebServer\Platform\WebComponent\SourceCode\SIMCardComponent\controllers\groups.js
FN:78,isTenantExist
FN:188,(anonymous_2)
FN:201,(anonymous_3)
FN:305,(anonymous_4)
FN:380,getOrganizations
FN:399,getExpandStr
FN:406,(anonymous_7)
FN:418,(anonymous_8)
FN:422,(anonymous_9)
FN:442,(anonymous_10)
FN:447,(anonymous_11)
FN:480,(anonymous_12)
FN:492,(anonymous_13)
FN:568,(anonymous_14)
FN:569,(anonymous_15)
FN:572,(anonymous_16)
FN:706,(anonymous_17)
FN:707,(anonymous_18)
FN:729,(anonymous_19)
FN:782,(anonymous_20)
FN:783,(anonymous_21)
FN:805,(anonymous_22)
FN:859,(anonymous_23)
FN:860,(anonymous_24)
FN:882,(anonymous_25)
FN:908,(anonymous_26)
FN:921,(anonymous_27)
FN:922,(anonymous_28)
FN:925,(anonymous_29)
FN:953,(anonymous_30)
FN:967,(anonymous_31)
FN:968,(anonymous_32)
FN:971,(anonymous_33)
FN:1000,(anonymous_34)
FN:1010,(anonymous_35)
FN:1011,(anonymous_36)
FN:1014,(anonymous_37)
FN:1036,(anonymous_38)
FN:1049,(anonymous_39)
FN:1061,(anonymous_40)
FN:1101,(anonymous_41)
FN:1132,(anonymous_42)
FN:1133,(anonymous_43)
FN:1155,(anonymous_44)
FN:1169,(anonymous_45)
FNF:45
FNH:16
FNDA:11,isTenantExist
FNDA:0,(anonymous_2)
FNDA:1,(anonymous_3)
FNDA:0,(anonymous_4)
FNDA:3,getOrganizations
FNDA:9,getExpandStr
FNDA:3,(anonymous_7)
FNDA:3,(anonymous_8)
FNDA:2,(anonymous_9)
FNDA:3,(anonymous_10)
FNDA:3,(anonymous_11)
FNDA:4,(anonymous_12)
FNDA:3,(anonymous_13)
FNDA:1,(anonymous_14)
FNDA:1,(anonymous_15)
FNDA:0,(anonymous_16)
FNDA:6,(anonymous_17)
FNDA:6,(anonymous_18)
FNDA:3,(anonymous_19)
FNDA:0,(anonymous_20)
FNDA:0,(anonymous_21)
FNDA:0,(anonymous_22)
FNDA:0,(anonymous_23)
FNDA:0,(anonymous_24)
FNDA:0,(anonymous_25)
FNDA:0,(anonymous_26)
FNDA:0,(anonymous_27)
FNDA:0,(anonymous_28)
FNDA:0,(anonymous_29)
FNDA:0,(anonymous_30)
FNDA:0,(anonymous_31)
FNDA:0,(anonymous_32)
FNDA:0,(anonymous_33)
FNDA:0,(anonymous_34)
FNDA:0,(anonymous_35)
FNDA:0,(anonymous_36)
FNDA:0,(anonymous_37)
FNDA:0,(anonymous_38)
FNDA:0,(anonymous_39)
FNDA:0,(anonymous_40)
FNDA:0,(anonymous_41)
FNDA:0,(anonymous_42)
FNDA:0,(anonymous_43)
FNDA:0,(anonymous_44)
FNDA:0,(anonymous_45)
DA:12,1
DA:13,1
DA:14,1
DA:15,1
DA:16,1
DA:17,1
DA:18,1
DA:19,1
DA:20,1
DA:21,1
DA:22,1
DA:23,1
DA:24,1
DA:25,1
DA:26,1
DA:28,1
DA:29,2
DA:30,2
DA:31,1
DA:33,1
DA:35,2
DA:38,1
DA:39,4
DA:40,3
DA:44,3
DA:46,0
DA:49,4
DA:52,1
DA:53,7
DA:54,7
DA:55,1
DA:57,6
DA:59,7
DA:60,7
DA:61,7
DA:62,7
DA:63,6
DA:65,7
DA:66,7
DA:67,1
DA:68,1
DA:69,6
DA:70,0
DA:71,0
DA:73,7
DA:78,1
DA:79,11
DA:80,11
DA:82,11
DA:83,11
DA:84,11
DA:86,0
DA:87,0
DA:88,0
DA:89,0
DA:91,0
DA:158,1
DA:159,1
DA:160,1
DA:161,0
DA:162,0
DA:163,0
DA:164,0
DA:166,1
DA:167,1
DA:168,1
DA:169,1
DA:171,1
DA:172,1
DA:173,1
DA:174,0
DA:176,1
DA:177,0
DA:178,1
DA:179,0
DA:181,1
DA:182,1
DA:185,1
DA:186,1
DA:187,0
DA:188,0
DA:189,0
DA:192,1
DA:193,1
DA:194,1
DA:196,0
DA:197,0
DA:201,1
DA:202,1
DA:203,1
DA:204,1
DA:205,1
DA:206,0
DA:273,1
DA:274,1
DA:275,0
DA:276,0
DA:277,0
DA:278,0
DA:281,1
DA:282,1
DA:283,1
DA:284,1
DA:285,1
DA:286,1
DA:287,1
DA:288,1
DA:289,1
DA:290,0
DA:292,1
DA:293,0
DA:295,1
DA:296,0
DA:298,1
DA:299,1
DA:302,1
DA:303,1
DA:304,0
DA:305,0
DA:306,0
DA:309,1
DA:310,1
DA:311,1
DA:313,0
DA:314,0
DA:318,1
DA:319,1
DA:320,1
DA:321,1
DA:322,1
DA:323,0
DA:380,1
DA:381,3
DA:384,1
DA:385,6
DA:388,1
DA:389,4
DA:392,4
DA:393,4
DA:396,4
DA:399,1
DA:400,9
DA:401,9
DA:402,9
DA:403,9
DA:404,9
DA:405,9
DA:406,3
DA:407,3
DA:408,0
DA:410,3
DA:411,3
DA:412,3
DA:413,3
DA:415,3
DA:417,9
DA:418,3
DA:419,3
DA:420,1
DA:422,2
DA:423,2
DA:424,0
DA:426,2
DA:427,2
DA:428,2
DA:429,2
DA:433,2
DA:434,2
DA:435,2
DA:436,2
DA:439,3
DA:441,9
DA:442,3
DA:443,3
DA:444,1
DA:446,2
DA:448,3
DA:449,1
DA:451,2
DA:452,2
DA:453,2
DA:454,2
DA:456,3
DA:459,9
DA:462,1
DA:463,4
DA:464,4
DA:465,4
DA:466,4
DA:467,4
DA:468,0
DA:469,0
DA:470,0
DA:471,0
DA:473,4
DA:474,4
DA:475,4
DA:476,4
DA:477,4
DA:478,4
DA:480,4
DA:481,4
DA:482,0
DA:484,4
DA:486,4
DA:487,4
DA:488,4
DA:489,4
DA:490,1
DA:492,3
DA:493,3
DA:494,0
DA:496,3
DA:497,3
DA:498,1
DA:499,1
DA:500,1
DA:502,3
DA:503,1
DA:504,1
DA:505,1
DA:507,3
DA:508,1
DA:509,1
DA:510,1
DA:513,3
DA:517,0
DA:518,0
DA:519,0
DA:520,0
DA:521,0
DA:524,4
DA:525,4
DA:526,4
DA:527,4
DA:529,0
DA:530,0
DA:534,1
DA:535,4
DA:536,4
DA:537,4
DA:538,4
DA:539,0
DA:558,1
DA:559,1
DA:560,0
DA:561,0
DA:562,0
DA:563,0
DA:565,1
DA:566,1
DA:567,1
DA:568,1
DA:569,1
DA:570,1
DA:571,0
DA:572,0
DA:573,0
DA:578,1
DA:579,1
DA:580,0
DA:582,1
DA:585,1
DA:586,1
DA:587,1
DA:589,0
DA:590,0
DA:594,1
DA:595,1
DA:596,1
DA:597,1
DA:598,1
DA:599,0
DA:680,1
DA:681,4
DA:682,4
DA:683,4
DA:684,4
DA:685,4
DA:686,4
DA:687,4
DA:688,4
DA:689,4
DA:690,4
DA:691,4
DA:692,0
DA:694,4
DA:695,0
DA:697,4
DA:698,0
DA:700,4
DA:701,1
DA:703,3
DA:704,3
DA:705,3
DA:706,6
DA:707,6
DA:708,6
DA:709,6
DA:710,1
DA:711,1
DA:712,1
DA:714,6
DA:715,1
DA:716,1
DA:717,1
DA:719,6
DA:720,2
DA:721,2
DA:722,2
DA:725,6
DA:729,3
DA:730,3
DA:734,4
DA:735,4
DA:736,4
DA:737,4
DA:740,0
DA:741,0
DA:745,1
DA:746,4
DA:747,4
DA:748,4
DA:749,4
DA:750,0
DA:755,1
DA:756,0
DA:757,0
DA:758,0
DA:759,0
DA:760,0
DA:761,0
DA:762,0
DA:763,0
DA:764,0
DA:765,0
DA:766,0
DA:767,0
DA:768,0
DA:770,0
DA:771,0
DA:773,0
DA:774,0
DA:776,0
DA:777,0
DA:779,0
DA:780,0
DA:781,0
DA:782,0
DA:783,0
DA:784,0
DA:785,0
DA:786,0
DA:787,0
DA:788,0
DA:790,0
DA:791,0
DA:792,0
DA:793,0
DA:795,0
DA:796,0
DA:797,0
DA:798,0
DA:801,0
DA:805,0
DA:806,0
DA:810,0
DA:811,0
DA:812,0
DA:813,0
DA:816,0
DA:817,0
DA:821,1
DA:822,0
DA:823,0
DA:824,0
DA:825,0
DA:826,0
DA:831,1
DA:832,0
DA:833,0
DA:834,0
DA:835,0
DA:836,0
DA:837,0
DA:838,0
DA:839,0
DA:840,0
DA:841,0
DA:842,0
DA:843,0
DA:844,0
DA:845,0
DA:847,0
DA:848,0
DA:850,0
DA:851,0
DA:853,0
DA:854,0
DA:856,0
DA:857,0
DA:858,0
DA:859,0
DA:860,0
DA:861,0
DA:862,0
DA:863,0
DA:864,0
DA:865,0
DA:867,0
DA:868,0
DA:869,0
DA:870,0
DA:872,0
DA:873,0
DA:874,0
DA:875,0
DA:878,0
DA:882,0
DA:883,0
DA:887,0
DA:888,0
DA:889,0
DA:890,0
DA:893,0
DA:894,0
DA:898,1
DA:899,0
DA:900,0
DA:901,0
DA:902,0
DA:903,0
DA:908,1
DA:909,0
DA:910,0
DA:914,0
DA:916,0
DA:917,0
DA:918,0
DA:919,0
DA:920,0
DA:921,0
DA:922,0
DA:923,0
DA:924,0
DA:925,0
DA:926,0
DA:931,0
DA:932,0
DA:933,0
DA:935,0
DA:936,0
DA:937,0
DA:938,0
DA:940,0
DA:943,0
DA:944,0
DA:945,0
DA:946,0
DA:948,0
DA:949,0
DA:953,1
DA:954,0
DA:955,0
DA:959,0
DA:961,0
DA:962,0
DA:963,0
DA:964,0
DA:965,0
DA:966,0
DA:967,0
DA:968,0
DA:969,0
DA:970,0
DA:971,0
DA:972,0
DA:977,0
DA:978,0
DA:979,0
DA:981,0
DA:982,0
DA:984,0
DA:985,0
DA:987,0
DA:990,0
DA:991,0
DA:992,0
DA:993,0
DA:995,0
DA:996,0
DA:1000,1
DA:1001,0
DA:1002,0
DA:1003,0
DA:1004,0
DA:1005,0
DA:1007,0
DA:1008,0
DA:1009,0
DA:1010,0
DA:1011,0
DA:1012,0
DA:1013,0
DA:1014,0
DA:1015,0
DA:1020,0
DA:1021,0
DA:1022,0
DA:1024,0
DA:1027,0
DA:1028,0
DA:1029,0
DA:1031,0
DA:1032,0
DA:1036,1
DA:1037,0
DA:1038,0
DA:1039,0
DA:1040,0
DA:1041,0
DA:1043,0
DA:1044,0
DA:1045,0
DA:1046,0
DA:1047,0
DA:1049,0
DA:1050,0
DA:1051,0
DA:1053,0
DA:1055,0
DA:1056,0
DA:1057,0
DA:1058,0
DA:1059,0
DA:1061,0
DA:1062,0
DA:1063,0
DA:1065,0
DA:1066,0
DA:1067,0
DA:1068,0
DA:1069,0
DA:1071,0
DA:1072,0
DA:1073,0
DA:1074,0
DA:1076,0
DA:1077,0
DA:1078,0
DA:1079,0
DA:1082,0
DA:1086,0
DA:1087,0
DA:1088,0
DA:1089,0
DA:1090,0
DA:1093,0
DA:1094,0
DA:1096,0
DA:1097,0
DA:1101,1
DA:1102,0
DA:1103,0
DA:1107,0
DA:1109,0
DA:1110,0
DA:1111,0
DA:1112,0
DA:1113,0
DA:1114,0
DA:1115,0
DA:1116,0
DA:1117,0
DA:1118,0
DA:1120,0
DA:1121,0
DA:1123,0
DA:1124,0
DA:1126,0
DA:1127,0
DA:1129,0
DA:1130,0
DA:1131,0
DA:1132,0
DA:1133,0
DA:1134,0
DA:1135,0
DA:1136,0
DA:1137,0
DA:1138,0
DA:1140,0
DA:1141,0
DA:1142,0
DA:1143,0
DA:1145,0
DA:1146,0
DA:1147,0
DA:1148,0
DA:1151,0
DA:1155,0
DA:1156,0
DA:1160,0
DA:1161,0
DA:1164,0
DA:1165,0
DA:1169,1
DA:1170,0
DA:1171,0
DA:1172,0
DA:1173,0
DA:1174,0
DA:1175,0
DA:1176,0
DA:1178,0
DA:1179,0
DA:1180,0
DA:1181,0
DA:1182,0
DA:1183,0
DA:1184,0
DA:1185,0
DA:1186,0
DA:1187,0
DA:1189,0
LF:625
LH:268
BRDA:30,1,0,1
BRDA:30,1,1,1
BRDA:40,2,0,0
BRDA:40,2,1,0
BRDA:40,2,2,0
BRDA:40,2,3,0
BRDA:40,2,4,0
BRDA:40,2,5,3
BRDA:40,2,6,3
BRDA:40,2,7,3
BRDA:40,2,8,0
BRDA:54,3,0,1
BRDA:54,3,1,6
BRDA:62,4,0,6
BRDA:62,4,1,1
BRDA:66,5,0,1
BRDA:66,5,1,6
BRDA:69,6,0,0
BRDA:69,6,1,6
BRDA:83,7,0,11
BRDA:83,7,1,0
BRDA:86,8,0,0
BRDA:86,8,1,0
BRDA:88,9,0,0
BRDA:88,9,1,0
BRDA:160,10,0,0
BRDA:160,10,1,1
BRDA:173,11,0,0
BRDA:173,11,1,1
BRDA:176,12,0,0
BRDA:176,12,1,1
BRDA:176,13,0,1
BRDA:176,13,1,1
BRDA:178,14,0,0
BRDA:178,14,1,1
BRDA:186,15,0,0
BRDA:186,15,1,1
BRDA:203,16,0,1
BRDA:203,16,1,0
BRDA:205,17,0,0
BRDA:205,17,1,1
BRDA:274,18,0,0
BRDA:274,18,1,1
BRDA:289,19,0,0
BRDA:289,19,1,1
BRDA:292,20,0,0
BRDA:292,20,1,1
BRDA:292,21,0,1
BRDA:292,21,1,0
BRDA:295,22,0,0
BRDA:295,22,1,1
BRDA:303,23,0,0
BRDA:303,23,1,1
BRDA:320,24,0,1
BRDA:320,24,1,0
BRDA:322,25,0,0
BRDA:322,25,1,1
BRDA:405,26,0,3
BRDA:405,26,1,6
BRDA:407,27,0,0
BRDA:407,27,1,3
BRDA:417,28,0,3
BRDA:417,28,1,6
BRDA:419,29,0,1
BRDA:419,29,1,2
BRDA:423,30,0,0
BRDA:423,30,1,2
BRDA:428,31,0,2
BRDA:428,31,1,0
BRDA:441,32,0,3
BRDA:441,32,1,6
BRDA:443,33,0,1
BRDA:443,33,1,2
BRDA:448,34,0,1
BRDA:448,34,1,2
BRDA:467,35,0,0
BRDA:467,35,1,4
BRDA:481,36,0,0
BRDA:481,36,1,4
BRDA:487,37,0,4
BRDA:487,37,1,0
BRDA:489,38,0,1
BRDA:489,38,1,3
BRDA:493,39,0,0
BRDA:493,39,1,3
BRDA:497,40,0,1
BRDA:497,40,1,2
BRDA:502,41,0,1
BRDA:502,41,1,2
BRDA:507,42,0,1
BRDA:507,42,1,2
BRDA:518,43,0,0
BRDA:518,43,1,0
BRDA:520,44,0,0
BRDA:520,44,1,0
BRDA:536,45,0,4
BRDA:536,45,1,0
BRDA:538,46,0,0
BRDA:538,46,1,4
BRDA:559,47,0,0
BRDA:559,47,1,1
BRDA:570,48,0,0
BRDA:570,48,1,1
BRDA:579,49,0,0
BRDA:579,49,1,1
BRDA:596,50,0,1
BRDA:596,50,1,0
BRDA:598,51,0,0
BRDA:598,51,1,1
BRDA:691,52,0,0
BRDA:691,52,1,4
BRDA:694,53,0,0
BRDA:694,53,1,4
BRDA:697,54,0,0
BRDA:697,54,1,4
BRDA:700,55,0,1
BRDA:700,55,1,3
BRDA:709,56,0,1
BRDA:709,56,1,5
BRDA:714,57,0,1
BRDA:714,57,1,5
BRDA:719,58,0,2
BRDA:719,58,1,4
BRDA:747,59,0,4
BRDA:747,59,1,0
BRDA:749,60,0,0
BRDA:749,60,1,4
BRDA:767,61,0,0
BRDA:767,61,1,0
BRDA:770,62,0,0
BRDA:770,62,1,0
BRDA:773,63,0,0
BRDA:773,63,1,0
BRDA:776,64,0,0
BRDA:776,64,1,0
BRDA:785,65,0,0
BRDA:785,65,1,0
BRDA:790,66,0,0
BRDA:790,66,1,0
BRDA:795,67,0,0
BRDA:795,67,1,0
BRDA:823,68,0,0
BRDA:823,68,1,0
BRDA:825,69,0,0
BRDA:825,69,1,0
BRDA:844,70,0,0
BRDA:844,70,1,0
BRDA:847,71,0,0
BRDA:847,71,1,0
BRDA:850,72,0,0
BRDA:850,72,1,0
BRDA:853,73,0,0
BRDA:853,73,1,0
BRDA:862,74,0,0
BRDA:862,74,1,0
BRDA:867,75,0,0
BRDA:867,75,1,0
BRDA:872,76,0,0
BRDA:872,76,1,0
BRDA:900,77,0,0
BRDA:900,77,1,0
BRDA:902,78,0,0
BRDA:902,78,1,0
BRDA:909,79,0,0
BRDA:909,79,1,0
BRDA:923,80,0,0
BRDA:923,80,1,0
BRDA:932,81,0,0
BRDA:932,81,1,0
BRDA:935,82,0,0
BRDA:935,82,1,0
BRDA:935,83,0,0
BRDA:935,83,1,0
BRDA:937,84,0,0
BRDA:937,84,1,0
BRDA:954,85,0,0
BRDA:954,85,1,0
BRDA:954,86,0,0
BRDA:954,86,1,0
BRDA:969,87,0,0
BRDA:969,87,1,0
BRDA:978,88,0,0
BRDA:978,88,1,0
BRDA:981,89,0,0
BRDA:981,89,1,0
BRDA:981,90,0,0
BRDA:981,90,1,0
BRDA:984,91,0,0
BRDA:984,91,1,0
BRDA:1001,92,0,0
BRDA:1001,92,1,0
BRDA:1001,93,0,0
BRDA:1001,93,1,0
BRDA:1012,94,0,0
BRDA:1012,94,1,0
BRDA:1021,95,0,0
BRDA:1021,95,1,0
BRDA:1037,96,0,0
BRDA:1037,96,1,0
BRDA:1037,97,0,0
BRDA:1037,97,1,0
BRDA:1050,98,0,0
BRDA:1050,98,1,0
BRDA:1056,99,0,0
BRDA:1056,99,1,0
BRDA:1058,100,0,0
BRDA:1058,100,1,0
BRDA:1062,101,0,0
BRDA:1062,101,1,0
BRDA:1066,102,0,0
BRDA:1066,102,1,0
BRDA:1071,103,0,0
BRDA:1071,103,1,0
BRDA:1076,104,0,0
BRDA:1076,104,1,0
BRDA:1087,105,0,0
BRDA:1087,105,1,0
BRDA:1089,106,0,0
BRDA:1089,106,1,0
BRDA:1102,107,0,0
BRDA:1102,107,1,0
BRDA:1117,108,0,0
BRDA:1117,108,1,0
BRDA:1120,109,0,0
BRDA:1120,109,1,0
BRDA:1123,110,0,0
BRDA:1123,110,1,0
BRDA:1126,111,0,0
BRDA:1126,111,1,0
BRDA:1135,112,0,0
BRDA:1135,112,1,0
BRDA:1140,113,0,0
BRDA:1140,113,1,0
BRDA:1145,114,0,0
BRDA:1145,114,1,0
BRDA:1171,115,0,0
BRDA:1171,115,1,0
BRDA:1174,116,0,0
BRDA:1174,116,1,0
BRDA:1178,117,0,0
BRDA:1178,117,1,0
BRDA:1180,118,0,0
BRDA:1180,118,1,0
BRDA:1182,119,0,0
BRDA:1182,119,1,0
BRDA:1184,120,0,0
BRDA:1184,120,1,0
BRDA:1186,121,0,0
BRDA:1186,121,1,0
BRF:249
BRH:77
end_of_record
TN:
SF:E:\WebServer\Platform\WebComponent\SourceCode\SIMCardComponent\controllers\returnResources.js
FN:16,(anonymous_1)
FN:30,(anonymous_2)
FN:45,(anonymous_3)
FN:53,(anonymous_4)
FN:67,(anonymous_5)
FN:82,(anonymous_6)
FN:91,(anonymous_7)
FN:107,(anonymous_8)
FN:122,(anonymous_9)
FN:130,(anonymous_10)
FN:141,(anonymous_11)
FN:155,(anonymous_12)
FN:163,(anonymous_13)
FN:184,(anonymous_14)
FN:198,(anonymous_15)
FN:207,(anonymous_16)
FN:218,(anonymous_17)
FN:233,(anonymous_18)
FN:241,(anonymous_19)
FN:253,(anonymous_20)
FN:268,(anonymous_21)
FN:276,(anonymous_22)
FN:286,(anonymous_23)
FN:300,(anonymous_24)
FN:306,(anonymous_25)
FN:318,(anonymous_26)
FN:327,(anonymous_27)
FN:341,(anonymous_28)
FN:349,(anonymous_29)
FN:369,(anonymous_30)
FN:383,(anonymous_31)
FN:392,(anonymous_32)
FNF:32
FNH:32
FNDA:9,(anonymous_1)
FNDA:2,(anonymous_2)
FNDA:3,(anonymous_3)
FNDA:17,(anonymous_4)
FNDA:11,(anonymous_5)
FNDA:13,(anonymous_6)
FNDA:5,(anonymous_7)
FNDA:8,(anonymous_8)
FNDA:3,(anonymous_9)
FNDA:14,(anonymous_10)
FNDA:6,(anonymous_11)
FNDA:7,(anonymous_12)
FNDA:17,(anonymous_13)
FNDA:10,(anonymous_14)
FNDA:8,(anonymous_15)
FNDA:9,(anonymous_16)
FNDA:6,(anonymous_17)
FNDA:6,(anonymous_18)
FNDA:13,(anonymous_19)
FNDA:9,(anonymous_20)
FNDA:6,(anonymous_21)
FNDA:5,(anonymous_22)
FNDA:2,(anonymous_23)
FNDA:2,(anonymous_24)
FNDA:1,(anonymous_25)
FNDA:10,(anonymous_26)
FNDA:3,(anonymous_27)
FNDA:3,(anonymous_28)
FNDA:10,(anonymous_29)
FNDA:3,(anonymous_30)
FNDA:6,(anonymous_31)
FNDA:1,(anonymous_32)
DA:11,1
DA:12,1
DA:13,1
DA:16,1
DA:17,9
DA:18,9
DA:19,9
DA:20,9
DA:21,9
DA:22,9
DA:23,9
DA:24,9
DA:25,9
DA:26,9
DA:27,9
DA:28,9
DA:30,1
DA:31,2
DA:32,2
DA:33,0
DA:36,2
DA:44,2
DA:45,2
DA:46,3
DA:47,3
DA:49,2
DA:53,1
DA:54,17
DA:55,17
DA:56,17
DA:57,17
DA:58,17
DA:59,17
DA:60,17
DA:61,17
DA:62,17
DA:63,17
DA:64,17
DA:67,1
DA:68,11
DA:69,11
DA:70,4
DA:73,11
DA:81,11
DA:82,11
DA:83,13
DA:84,13
DA:86,11
DA:91,1
DA:92,5
DA:93,5
DA:94,5
DA:95,5
DA:96,5
DA:97,5
DA:99,0
DA:102,5
DA:103,5
DA:104,5
DA:107,1
DA:108,8
DA:109,8
DA:110,1
DA:113,8
DA:121,8
DA:122,8
DA:123,3
DA:124,3
DA:126,8
DA:130,1
DA:131,14
DA:132,14
DA:133,14
DA:134,14
DA:135,14
DA:136,14
DA:137,14
DA:138,14
DA:139,14
DA:141,1
DA:142,6
DA:143,6
DA:144,1
DA:146,6
DA:154,6
DA:155,6
DA:156,7
DA:157,7
DA:159,6
DA:163,1
DA:164,17
DA:165,17
DA:166,17
DA:167,17
DA:168,17
DA:169,2
DA:171,15
DA:173,17
DA:174,1
DA:176,16
DA:178,17
DA:179,17
DA:180,17
DA:181,17
DA:184,1
DA:185,10
DA:186,10
DA:187,3
DA:189,10
DA:197,10
DA:198,10
DA:199,8
DA:200,8
DA:203,10
DA:207,1
DA:208,9
DA:209,9
DA:210,9
DA:211,9
DA:212,9
DA:213,9
DA:214,9
DA:215,9
DA:218,1
DA:219,6
DA:220,6
DA:221,3
DA:224,6
DA:232,6
DA:233,6
DA:234,6
DA:235,6
DA:237,6
DA:241,1
DA:242,13
DA:243,13
DA:244,13
DA:245,13
DA:246,13
DA:247,13
DA:248,13
DA:249,13
DA:250,13
DA:251,13
DA:253,1
DA:254,9
DA:255,9
DA:256,9
DA:257,3
DA:259,9
DA:267,9
DA:268,9
DA:269,6
DA:270,6
DA:272,9
DA:276,1
DA:277,5
DA:278,5
DA:279,5
DA:280,5
DA:281,5
DA:282,5
DA:283,5
DA:284,5
DA:286,1
DA:287,2
DA:288,2
DA:289,1
DA:291,2
DA:299,2
DA:300,2
DA:301,2
DA:302,2
DA:304,2
DA:306,1
DA:307,1
DA:308,1
DA:309,1
DA:311,1
DA:315,1
DA:318,1
DA:319,10
DA:320,10
DA:321,10
DA:322,10
DA:323,10
DA:324,10
DA:325,10
DA:327,1
DA:328,3
DA:329,3
DA:330,2
DA:332,3
DA:340,3
DA:341,3
DA:342,3
DA:343,3
DA:345,3
DA:349,1
DA:350,10
DA:351,10
DA:352,10
DA:353,10
DA:354,10
DA:355,10
DA:356,2
DA:358,8
DA:360,10
DA:361,2
DA:363,8
DA:365,10
DA:366,10
DA:369,1
DA:370,3
DA:371,3
DA:372,2
DA:374,3
DA:382,3
DA:383,3
DA:384,6
DA:385,6
DA:388,3
DA:392,1
DA:393,1
DA:397,1
LF:225
LH:223
BRDA:32,1,0,0
BRDA:32,1,1,2
BRDA:69,2,0,4
BRDA:69,2,1,7
BRDA:74,3,0,1
BRDA:74,3,1,10
BRDA:74,4,0,4
BRDA:74,4,1,6
BRDA:74,5,0,4
BRDA:74,5,1,2
BRDA:96,6,0,5
BRDA:96,6,1,0
BRDA:109,7,0,1
BRDA:109,7,1,7
BRDA:114,8,0,4
BRDA:114,8,1,4
BRDA:143,9,0,1
BRDA:143,9,1,5
BRDA:147,10,0,4
BRDA:147,10,1,2
BRDA:168,11,0,2
BRDA:168,11,1,15
BRDA:168,12,0,17
BRDA:168,12,1,2
BRDA:173,13,0,1
BRDA:173,13,1,16
BRDA:173,14,0,17
BRDA:173,14,1,1
BRDA:186,15,0,3
BRDA:186,15,1,7
BRDA:190,16,0,3
BRDA:190,16,1,7
BRDA:190,17,0,3
BRDA:190,17,1,4
BRDA:220,18,0,3
BRDA:220,18,1,3
BRDA:225,19,0,2
BRDA:225,19,1,4
BRDA:225,20,0,2
BRDA:225,20,1,2
BRDA:256,21,0,3
BRDA:256,21,1,6
BRDA:260,22,0,3
BRDA:260,22,1,6
BRDA:260,23,0,2
BRDA:260,23,1,4
BRDA:260,24,0,4
BRDA:260,24,1,0
BRDA:288,25,0,1
BRDA:288,25,1,1
BRDA:292,26,0,2
BRDA:292,26,1,0
BRDA:308,27,0,1
BRDA:308,27,1,0
BRDA:329,28,0,2
BRDA:329,28,1,1
BRDA:355,29,0,2
BRDA:355,29,1,8
BRDA:355,30,0,10
BRDA:355,30,1,2
BRDA:360,31,0,2
BRDA:360,31,1,8
BRDA:360,32,0,10
BRDA:360,32,1,2
BRDA:371,33,0,2
BRDA:371,33,1,1
BRF:66
BRH:61
end_of_record
TN:
SF:E:\WebServer\Platform\WebComponent\SourceCode\SIMCardComponent\controllers\uri.js
FN:21,(anonymous_1)
FN:24,(anonymous_2)
FN:27,(anonymous_3)
FN:30,(anonymous_4)
FN:35,(anonymous_5)
FN:38,(anonymous_6)
FN:41,(anonymous_7)
FN:44,(anonymous_8)
FN:47,(anonymous_9)
FN:52,(anonymous_10)
FN:57,(anonymous_11)
FN:60,(anonymous_12)
FN:63,(anonymous_13)
FN:66,(anonymous_14)
FN:71,(anonymous_15)
FN:74,(anonymous_16)
FN:78,(anonymous_17)
FN:82,(anonymous_18)
FN:86,(anonymous_19)
FN:91,(anonymous_20)
FN:96,(anonymous_21)
FN:99,(anonymous_22)
FN:102,(anonymous_23)
FN:105,(anonymous_24)
FN:110,(anonymous_25)
FN:115,(anonymous_26)
FN:120,(anonymous_27)
FN:124,(anonymous_28)
FN:128,(anonymous_29)
FN:133,(anonymous_30)
FNF:30
FNH:28
FNDA:109,(anonymous_1)
FNDA:9,(anonymous_2)
FNDA:9,(anonymous_3)
FNDA:9,(anonymous_4)
FNDA:33,(anonymous_5)
FNDA:20,(anonymous_6)
FNDA:20,(anonymous_7)
FNDA:21,(anonymous_8)
FNDA:21,(anonymous_9)
FNDA:9,(anonymous_10)
FNDA:48,(anonymous_11)
FNDA:18,(anonymous_12)
FNDA:14,(anonymous_13)
FNDA:14,(anonymous_14)
FNDA:39,(anonymous_15)
FNDA:2,(anonymous_16)
FNDA:18,(anonymous_17)
FNDA:19,(anonymous_18)
FNDA:17,(anonymous_19)
FNDA:11,(anonymous_20)
FNDA:31,(anonymous_21)
FNDA:16,(anonymous_22)
FNDA:15,(anonymous_23)
FNDA:1,(anonymous_24)
FNDA:0,(anonymous_25)
FNDA:30,(anonymous_26)
FNDA:23,(anonymous_27)
FNDA:0,(anonymous_28)
FNDA:21,(anonymous_29)
FNDA:1,(anonymous_30)
DA:11,1
DA:12,1
DA:14,1
DA:15,1
DA:16,0
DA:18,1
DA:21,1
DA:22,109
DA:24,1
DA:25,9
DA:27,1
DA:28,9
DA:30,1
DA:31,9
DA:35,1
DA:36,33
DA:38,1
DA:39,20
DA:41,1
DA:42,20
DA:44,1
DA:45,21
DA:47,1
DA:48,21
DA:52,1
DA:53,9
DA:57,1
DA:58,48
DA:60,1
DA:61,18
DA:63,1
DA:64,14
DA:66,1
DA:67,14
DA:71,1
DA:72,39
DA:74,1
DA:75,2
DA:78,1
DA:79,18
DA:82,1
DA:83,19
DA:86,1
DA:87,17
DA:91,1
DA:92,11
DA:96,1
DA:97,31
DA:99,1
DA:100,16
DA:102,1
DA:103,15
DA:105,1
DA:106,1
DA:110,1
DA:111,0
DA:115,1
DA:116,30
DA:120,1
DA:121,23
DA:124,1
DA:125,0
DA:128,1
DA:129,21
DA:133,1
DA:134,1
LF:66
LH:63
BRDA:15,1,0,0
BRDA:15,1,1,1
BRDA:22,2,0,103
BRDA:22,2,1,6
BRDA:36,3,0,22
BRDA:36,3,1,11
BRDA:53,4,0,5
BRDA:53,4,1,4
BRDA:58,5,0,26
BRDA:58,5,1,22
BRDA:72,6,0,26
BRDA:72,6,1,13
BRDA:92,7,0,9
BRDA:92,7,1,2
BRDA:97,8,0,25
BRDA:97,8,1,6
BRDA:111,9,0,0
BRDA:111,9,1,0
BRDA:116,10,0,18
BRDA:116,10,1,12
BRDA:121,11,0,10
BRDA:121,11,1,13
BRDA:129,12,0,5
BRDA:129,12,1,16
BRF:24
BRH:21
end_of_record
TN:
SF:E:\WebServer\Platform\WebComponent\SourceCode\SIMCardComponent\proxy\tenantOperator.js
FN:11,md5Encode
FN:19,convert2DBInfo
FN:52,convert2LogicInfo
FN:72,generateQueryCondition
FN:122,(anonymous_5)
FN:128,(anonymous_6)
FN:134,(anonymous_7)
FN:138,(anonymous_8)
FN:140,(anonymous_9)
FN:148,(anonymous_10)
FN:153,(anonymous_11)
FN:156,(anonymous_12)
FN:164,(anonymous_13)
FN:165,(anonymous_14)
FN:176,(anonymous_15)
FNF:15
FNH:13
FNDA:2,md5Encode
FNDA:2,convert2DBInfo
FNDA:11,convert2LogicInfo
FNDA:4,generateQueryCondition
FNDA:1,(anonymous_5)
FNDA:1,(anonymous_6)
FNDA:1,(anonymous_7)
FNDA:6,(anonymous_8)
FNDA:6,(anonymous_9)
FNDA:2,(anonymous_10)
FNDA:2,(anonymous_11)
FNDA:2,(anonymous_12)
FNDA:0,(anonymous_13)
FNDA:0,(anonymous_14)
FNDA:43,(anonymous_15)
DA:5,1
DA:6,1
DA:7,1
DA:8,1
DA:9,1
DA:11,1
DA:12,2
DA:13,2
DA:14,2
DA:16,2
DA:19,1
DA:20,2
DA:30,2
DA:31,2
DA:32,2
DA:34,2
DA:43,2
DA:44,1
DA:45,1
DA:46,1
DA:49,2
DA:52,1
DA:53,11
DA:54,11
DA:55,11
DA:65,11
DA:66,4
DA:67,4
DA:69,11
DA:72,1
DA:73,4
DA:74,0
DA:77,4
DA:78,4
DA:79,0
DA:80,0
DA:82,0
DA:84,4
DA:85,4
DA:86,4
DA:87,0
DA:88,0
DA:90,0
DA:91,0
DA:93,0
DA:94,0
DA:96,0
DA:97,0
DA:98,0
DA:100,0
DA:102,0
DA:103,0
DA:105,0
DA:106,0
DA:108,0
DA:109,0
DA:110,0
DA:114,4
DA:115,0
DA:117,4
DA:119,4
DA:122,1
DA:123,1
DA:124,1
DA:125,1
DA:128,1
DA:129,1
DA:130,1
DA:131,1
DA:134,1
DA:135,1
DA:138,1
DA:139,6
DA:140,6
DA:141,6
DA:142,6
DA:144,6
DA:148,1
DA:149,2
DA:150,2
DA:153,1
DA:154,2
DA:155,2
DA:156,2
DA:157,2
DA:158,3
DA:160,2
DA:164,1
DA:165,0
DA:166,0
DA:167,0
DA:169,0
DA:170,0
DA:171,0
DA:176,1
DA:177,43
LF:96
LH:68
BRDA:43,1,0,1
BRDA:43,1,1,1
BRDA:65,2,0,4
BRDA:65,2,1,7
BRDA:73,3,0,0
BRDA:73,3,1,4
BRDA:79,4,0,0
BRDA:79,4,1,0
BRDA:79,5,0,0
BRDA:79,5,1,0
BRDA:79,5,2,0
BRDA:79,5,3,0
BRDA:88,6,0,0
BRDA:88,6,1,0
BRDA:88,6,2,0
BRDA:88,6,3,0
BRDA:88,6,4,0
BRDA:88,6,5,0
BRDA:88,6,6,0
BRDA:93,7,0,0
BRDA:93,7,1,0
BRDA:105,8,0,0
BRDA:105,8,1,0
BRDA:109,9,0,0
BRDA:109,9,1,0
BRDA:114,10,0,0
BRDA:114,10,1,4
BRDA:166,11,0,0
BRDA:166,11,1,0
BRF:29
BRH:6
end_of_record
TN:
SF:E:\WebServer\Platform\WebComponent\SourceCode\SIMCardComponent\models\tenantDB.js
FN:9,(anonymous_1)
FN:16,(anonymous_2)
FN:23,(anonymous_3)
FN:30,(anonymous_4)
FN:41,(anonymous_5)
FN:48,(anonymous_6)
FN:55,(anonymous_7)
FN:62,(anonymous_8)
FNF:8
FNH:7
FNDA:1,(anonymous_1)
FNDA:1,(anonymous_2)
FNDA:6,(anonymous_3)
FNDA:2,(anonymous_4)
FNDA:2,(anonymous_5)
FNDA:1,(anonymous_6)
FNDA:0,(anonymous_7)
FNDA:43,(anonymous_8)
DA:5,1
DA:6,1
DA:7,1
DA:9,1
DA:10,1
DA:12,1
DA:13,0
DA:16,1
DA:17,1
DA:19,1
DA:20,0
DA:23,1
DA:24,6
DA:26,1
DA:27,0
DA:30,1
DA:31,2
DA:32,0
DA:34,2
DA:37,1
DA:38,0
DA:41,1
DA:42,2
DA:44,1
DA:45,0
DA:48,1
DA:49,1
DA:51,1
DA:52,0
DA:55,1
DA:56,0
DA:58,1
DA:59,0
DA:62,1
DA:63,43
LF:35
LH:26
BRDA:12,1,0,0
BRDA:12,1,1,1
BRDA:19,2,0,0
BRDA:19,2,1,1
BRDA:26,3,0,0
BRDA:26,3,1,1
BRDA:31,4,0,0
BRDA:31,4,1,2
BRDA:37,5,0,0
BRDA:37,5,1,1
BRDA:44,6,0,0
BRDA:44,6,1,1
BRDA:51,7,0,0
BRDA:51,7,1,1
BRDA:58,8,0,0
BRDA:58,8,1,1
BRF:16
BRH:8
end_of_record
TN:
SF:E:\WebServer\Platform\WebComponent\SourceCode\SIMCardComponent\common\cacheAble.js
FN:11,toCache
FN:26,fromCache
FN:27,(anonymous_3)
FN:30,(anonymous_4)
FN:45,loadAndCacheData
FN:47,(anonymous_6)
FN:48,(anonymous_7)
FN:51,(anonymous_8)
FN:57,getKey
FN:64,withCache
FN:68,(anonymous_11)
FN:69,(anonymous_12)
FN:77,(anonymous_13)
FN:83,cacheable
FN:89,clear
FN:92,getDelKey
FN:99,withClear
FN:103,(anonymous_18)
FN:104,(anonymous_19)
FN:106,(anonymous_20)
FN:112,clearable
FN:129,(anonymous_22)
FN:155,(anonymous_23)
FNF:23
FNH:0
FNDA:0,toCache
FNDA:0,fromCache
FNDA:0,(anonymous_3)
FNDA:0,(anonymous_4)
FNDA:0,loadAndCacheData
FNDA:0,(anonymous_6)
FNDA:0,(anonymous_7)
FNDA:0,(anonymous_8)
FNDA:0,getKey
FNDA:0,withCache
FNDA:0,(anonymous_11)
FNDA:0,(anonymous_12)
FNDA:0,(anonymous_13)
FNDA:0,cacheable
FNDA:0,clear
FNDA:0,getDelKey
FNDA:0,withClear
FNDA:0,(anonymous_18)
FNDA:0,(anonymous_19)
FNDA:0,(anonymous_20)
FNDA:0,clearable
FNDA:0,(anonymous_22)
FNDA:0,(anonymous_23)
DA:5,1
DA:6,1
DA:7,1
DA:8,1
DA:11,1
DA:12,0
DA:13,0
DA:14,0
DA:15,0
DA:16,0
DA:17,0
DA:19,0
DA:20,0
DA:21,0
DA:26,1
DA:27,0
DA:28,0
DA:30,0
DA:31,0
DA:32,0
DA:35,0
DA:37,0
DA:38,0
DA:39,0
DA:41,0
DA:45,1
DA:46,0
DA:47,0
DA:48,0
DA:49,0
DA:50,0
DA:52,0
DA:57,1
DA:58,0
DA:59,0
DA:61,0
DA:64,1
DA:65,0
DA:66,0
DA:67,0
DA:68,0
DA:69,0
DA:70,0
DA:71,0
DA:72,0
DA:74,0
DA:75,0
DA:78,0
DA:83,1
DA:84,0
DA:89,1
DA:90,0
DA:92,1
DA:93,0
DA:94,0
DA:95,0
DA:97,0
DA:99,1
DA:100,0
DA:101,0
DA:102,0
DA:103,0
DA:104,0
DA:105,0
DA:107,0
DA:112,1
DA:113,0
DA:117,1
DA:130,0
DA:131,0
DA:133,0
DA:134,0
DA:136,0
DA:137,0
DA:139,0
DA:140,0
DA:143,0
DA:156,0
DA:157,0
DA:159,0
DA:160,0
DA:162,0
DA:163,0
DA:165,0
LF:84
LH:15
BRDA:12,1,0,0
BRDA:12,1,1,0
BRDA:16,2,0,0
BRDA:16,2,1,0
BRDA:19,3,0,0
BRDA:19,3,1,0
BRDA:31,4,0,0
BRDA:31,4,1,0
BRDA:37,5,0,0
BRDA:37,5,1,0
BRDA:58,6,0,0
BRDA:58,6,1,0
BRDA:70,7,0,0
BRDA:70,7,1,0
BRDA:94,8,0,0
BRDA:94,8,1,0
BRDA:130,9,0,0
BRDA:130,9,1,0
BRDA:133,10,0,0
BRDA:133,10,1,0
BRDA:136,11,0,0
BRDA:136,11,1,0
BRDA:139,12,0,0
BRDA:139,12,1,0
BRDA:139,13,0,0
BRDA:139,13,1,0
BRDA:156,14,0,0
BRDA:156,14,1,0
BRDA:159,15,0,0
BRDA:159,15,1,0
BRDA:162,16,0,0
BRDA:162,16,1,0
BRF:32
BRH:0
end_of_record
TN:
SF:E:\WebServer\Platform\WebComponent\SourceCode\SIMCardComponent\common\redis.js
FN:21,(anonymous_1)
FNF:1
FNH:0
FNDA:0,(anonymous_1)
DA:11,1
DA:12,1
DA:14,1
DA:21,1
DA:22,0
DA:25,1
LF:6
LH:5
BRF:0
BRH:0
end_of_record
TN:
SF:E:\WebServer\Platform\WebComponent\SourceCode\SIMCardComponent\proxy\groupOperator.js
FN:161,(anonymous_1)
FN:239,(anonymous_2)
FN:283,(anonymous_3)
FNF:3
FNH:2
FNDA:3,(anonymous_1)
FNDA:4,(anonymous_2)
FNDA:0,(anonymous_3)
DA:5,1
DA:6,1
DA:7,1
DA:8,1
DA:9,1
DA:10,1
DA:11,1
DA:14,1
DA:15,2
DA:24,2
DA:25,2
DA:26,2
DA:28,2
DA:36,2
DA:37,1
DA:38,1
DA:41,2
DA:44,1
DA:45,16
DA:46,16
DA:47,16
DA:57,16
DA:58,16
DA:59,16
DA:61,16
DA:64,1
DA:66,14
DA:67,14
DA:68,12
DA:69,12
DA:71,0
DA:73,14
DA:74,14
DA:75,14
DA:76,12
DA:77,12
DA:79,0
DA:80,0
DA:82,0
DA:83,0
DA:85,0
DA:86,0
DA:87,0
DA:89,0
DA:91,0
DA:92,0
DA:93,0
DA:94,0
DA:95,0
DA:96,0
DA:97,0
DA:101,0
DA:103,0
DA:104,0
DA:106,0
DA:108,0
DA:110,3
DA:111,3
DA:112,3
DA:114,3
DA:115,3
DA:116,3
DA:118,0
DA:119,0
DA:120,0
DA:122,6
DA:123,6
DA:125,12
DA:126,12
DA:128,0
DA:129,0
DA:130,0
DA:134,14
DA:135,0
DA:137,14
DA:139,14
DA:140,3
DA:142,3
DA:143,3
DA:145,3
DA:146,0
DA:147,0
DA:148,0
DA:149,0
DA:150,0
DA:153,0
DA:155,3
DA:157,3
DA:159,11
DA:160,3
DA:162,3
DA:163,3
DA:165,3
DA:166,1
DA:167,1
DA:168,1
DA:169,1
DA:170,0
DA:173,1
DA:175,2
DA:177,3
DA:181,8
DA:185,1
DA:186,1
DA:187,1
DA:188,1
DA:191,1
DA:192,1
DA:193,1
DA:194,1
DA:195,1
DA:198,1
DA:199,9
DA:202,1
DA:203,10
DA:204,3
DA:206,10
DA:207,3
DA:209,10
DA:210,10
DA:211,10
DA:212,10
DA:213,10
DA:215,10
DA:216,10
DA:217,10
DA:218,10
DA:219,8
DA:222,10
DA:228,1
DA:229,6
DA:230,6
DA:231,6
DA:232,0
DA:234,6
DA:235,6
DA:239,1
DA:240,4
DA:241,0
DA:243,4
DA:244,0
DA:246,4
DA:247,4
DA:248,4
DA:249,4
DA:250,4
DA:252,4
DA:253,4
DA:278,1
DA:280,1
DA:283,1
DA:284,0
DA:285,0
LF:153
LH:113
BRDA:36,1,0,1
BRDA:36,1,1,1
BRDA:57,2,0,16
BRDA:57,2,1,0
BRDA:68,3,0,12
BRDA:68,3,1,0
BRDA:68,4,0,12
BRDA:68,4,1,12
BRDA:68,4,2,12
BRDA:68,4,3,6
BRDA:68,4,4,6
BRDA:68,4,5,3
BRDA:68,4,6,3
BRDA:77,5,0,0
BRDA:77,5,1,0
BRDA:77,5,2,0
BRDA:77,5,3,0
BRDA:77,5,4,0
BRDA:77,5,5,0
BRDA:77,5,6,3
BRDA:77,5,7,3
BRDA:77,5,8,0
BRDA:77,5,9,6
BRDA:77,5,10,6
BRDA:77,5,11,6
BRDA:77,5,12,6
BRDA:82,6,0,0
BRDA:82,6,1,0
BRDA:93,7,0,0
BRDA:93,7,1,0
BRDA:96,8,0,0
BRDA:96,8,1,0
BRDA:103,9,0,0
BRDA:103,9,1,0
BRDA:125,10,0,12
BRDA:125,10,1,0
BRDA:129,11,0,0
BRDA:129,11,1,0
BRDA:134,12,0,0
BRDA:134,12,1,14
BRDA:139,13,0,3
BRDA:139,13,1,11
BRDA:142,14,0,3
BRDA:142,14,1,0
BRDA:145,15,0,0
BRDA:145,15,1,3
BRDA:149,16,0,0
BRDA:149,16,1,0
BRDA:159,17,0,3
BRDA:159,17,1,8
BRDA:162,18,0,3
BRDA:162,18,1,0
BRDA:165,19,0,1
BRDA:165,19,1,2
BRDA:169,20,0,0
BRDA:169,20,1,1
BRDA:203,21,0,3
BRDA:203,21,1,7
BRDA:206,22,0,3
BRDA:206,22,1,7
BRDA:212,23,0,10
BRDA:212,23,1,0
BRDA:217,24,0,10
BRDA:217,24,1,0
BRDA:231,25,0,0
BRDA:231,25,1,6
BRDA:240,26,0,0
BRDA:240,26,1,4
BRDA:243,27,0,0
BRDA:243,27,1,4
BRDA:249,28,0,4
BRDA:249,28,1,0
BRF:72
BRH:39
end_of_record
TN:
SF:E:\WebServer\Platform\WebComponent\SourceCode\SIMCardComponent\models\groupDB.js
FNF:0
FNH:0
DA:5,1
DA:6,1
DA:7,1
DA:9,1
DA:10,1
DA:12,1
DA:13,0
DA:16,1
DA:17,1
DA:19,1
DA:20,0
DA:23,1
DA:24,10
DA:25,0
DA:27,10
DA:30,1
DA:31,0
DA:34,1
DA:35,6
DA:37,1
DA:38,0
DA:41,1
DA:42,4
DA:45,1
DA:46,1
DA:48,1
DA:49,0
DA:52,1
DA:53,9
DA:58,1
DA:59,0
LF:31
LH:24
BRDA:12,1,0,0
BRDA:12,1,1,1
BRDA:19,2,0,0
BRDA:19,2,1,1
BRDA:24,3,0,0
BRDA:24,3,1,10
BRDA:30,4,0,0
BRDA:30,4,1,1
BRDA:37,5,0,0
BRDA:37,5,1,1
BRDA:48,6,0,0
BRDA:48,6,1,1
BRF:12
BRH:6
end_of_record
TN:
SF:E:\WebServer\Platform\WebComponent\SourceCode\SIMCardComponent\proxy\organizationMembershipOperator.js
FN:16,convert2DBInfo
FN:49,convert2LogicInfo
FN:62,generateQueryCondition
FNF:3
FNH:3
FNDA:1,convert2DBInfo
FNDA:5,convert2LogicInfo
FNDA:13,generateQueryCondition
DA:11,1
DA:12,1
DA:13,1
DA:14,1
DA:16,1
DA:17,1
DA:18,1
DA:19,1
DA:20,1
DA:21,1
DA:22,1
DA:23,1
DA:25,1
DA:26,0
DA:27,0
DA:30,1
DA:31,1
DA:32,1
DA:35,1
DA:43,1
DA:44,1
DA:46,1
DA:49,1
DA:50,5
DA:59,5
DA:62,1
DA:63,13
DA:64,13
DA:65,2
DA:66,2
DA:68,0
DA:70,13
DA:71,13
DA:72,13
DA:73,2
DA:74,2
DA:76,0
DA:77,0
DA:79,0
DA:80,0
DA:81,0
DA:83,0
DA:84,0
DA:87,0
DA:88,0
DA:89,0
DA:90,0
DA:91,0
DA:92,0
DA:93,0
DA:95,0
DA:96,0
DA:98,2
DA:99,2
DA:101,2
DA:102,2
DA:104,0
DA:105,0
DA:106,0
DA:110,13
DA:111,0
DA:113,13
DA:115,13
DA:118,1
DA:119,1
DA:120,1
DA:122,1
DA:126,1
DA:127,0
DA:128,0
DA:130,0
DA:134,1
DA:136,1
DA:139,1
DA:140,1
DA:142,1
DA:143,1
DA:144,1
DA:146,1
DA:150,1
DA:151,5
DA:152,5
DA:153,5
DA:155,5
DA:156,1
DA:158,5
DA:159,2
DA:161,5
DA:163,5
DA:167,1
DA:168,8
DA:169,8
DA:170,8
DA:172,8
DA:173,4
DA:175,8
DA:176,2
DA:178,8
DA:180,8
DA:181,8
DA:182,3
DA:184,8
DA:188,1
DA:189,7
DA:192,1
DA:193,0
DA:194,0
DA:196,0
DA:197,0
DA:198,0
DA:200,0
LF:111
LH:79
BRDA:20,1,0,1
BRDA:20,1,1,0
BRDA:20,2,0,1
BRDA:20,2,1,1
BRDA:21,3,0,1
BRDA:21,3,1,0
BRDA:25,4,0,0
BRDA:25,4,1,1
BRDA:30,5,0,1
BRDA:30,5,1,0
BRDA:30,6,0,1
BRDA:30,6,1,1
BRDA:31,7,0,1
BRDA:31,7,1,0
BRDA:43,8,0,1
BRDA:43,8,1,0
BRDA:65,9,0,2
BRDA:65,9,1,0
BRDA:65,10,0,2
BRDA:65,10,1,2
BRDA:65,10,2,2
BRDA:65,10,3,0
BRDA:74,11,0,0
BRDA:74,11,1,0
BRDA:74,11,2,0
BRDA:74,11,3,0
BRDA:74,11,4,0
BRDA:74,11,5,0
BRDA:74,11,6,0
BRDA:74,11,7,2
BRDA:74,11,8,2
BRDA:74,11,9,2
BRDA:74,11,10,2
BRDA:80,12,0,0
BRDA:80,12,1,0
BRDA:88,13,0,0
BRDA:88,13,1,0
BRDA:91,14,0,0
BRDA:91,14,1,0
BRDA:101,15,0,2
BRDA:101,15,1,0
BRDA:105,16,0,0
BRDA:105,16,1,0
BRDA:110,17,0,0
BRDA:110,17,1,13
BRDA:152,18,0,5
BRDA:152,18,1,0
BRDA:155,19,0,1
BRDA:155,19,1,4
BRDA:158,20,0,2
BRDA:158,20,1,3
BRDA:169,21,0,8
BRDA:169,21,1,0
BRDA:172,22,0,4
BRDA:172,22,1,4
BRDA:175,23,0,2
BRDA:175,23,1,6
BRF:57
BRH:30
end_of_record
TN:
SF:E:\WebServer\Platform\WebComponent\SourceCode\SIMCardComponent\models\organizationMembershipDB.js
FN:14,(anonymous_1)
FN:21,(anonymous_2)
FN:29,(anonymous_3)
FN:36,(anonymous_4)
FN:57,(anonymous_5)
FN:63,(anonymous_6)
FN:70,(anonymous_7)
FNF:7
FNH:6
FNDA:1,(anonymous_1)
FNDA:0,(anonymous_2)
FNDA:1,(anonymous_3)
FNDA:8,(anonymous_4)
FNDA:5,(anonymous_5)
FNDA:1,(anonymous_6)
FNDA:24,(anonymous_7)
DA:10,1
DA:11,1
DA:12,1
DA:14,1
DA:15,1
DA:17,1
DA:18,0
DA:21,1
DA:22,0
DA:25,1
DA:26,0
DA:29,1
DA:30,1
DA:32,1
DA:33,0
DA:36,1
DA:37,8
DA:38,0
DA:39,0
DA:41,0
DA:44,8
DA:45,0
DA:48,8
DA:53,1
DA:54,0
DA:57,1
DA:58,5
DA:63,1
DA:64,1
DA:66,1
DA:67,0
DA:70,1
DA:71,24
LF:33
LH:23
BRDA:17,1,0,0
BRDA:17,1,1,1
BRDA:25,2,0,0
BRDA:25,2,1,1
BRDA:32,3,0,0
BRDA:32,3,1,1
BRDA:37,4,0,0
BRDA:37,4,1,8
BRDA:38,5,0,0
BRDA:38,5,1,0
BRDA:44,6,0,0
BRDA:44,6,1,8
BRDA:53,7,0,0
BRDA:53,7,1,1
BRDA:66,8,0,0
BRDA:66,8,1,1
BRF:16
BRH:7
end_of_record
TN:
SF:E:\WebServer\Platform\WebComponent\SourceCode\SIMCardComponent\proxy\groupMembershipOperator.js
FN:10,convert2DBInfo
FN:38,convert2LogicInfo
FN:50,generateQueryCondition
FN:101,(anonymous_4)
FN:114,(anonymous_5)
FN:121,(anonymous_6)
FN:126,(anonymous_7)
FN:146,(anonymous_8)
FN:155,(anonymous_9)
FN:160,(anonymous_10)
FN:192,(anonymous_11)
FNF:11
FNH:10
FNDA:1,convert2DBInfo
FNDA:12,convert2LogicInfo
FNDA:12,generateQueryCondition
FNDA:1,(anonymous_4)
FNDA:0,(anonymous_5)
FNDA:1,(anonymous_6)
FNDA:3,(anonymous_7)
FNDA:2,(anonymous_8)
FNDA:2,(anonymous_9)
FNDA:10,(anonymous_10)
FNDA:5,(anonymous_11)
DA:5,1
DA:6,1
DA:7,1
DA:8,1
DA:10,1
DA:11,1
DA:12,1
DA:13,1
DA:14,1
DA:15,1
DA:16,1
DA:19,1
DA:20,1
DA:21,1
DA:24,1
DA:31,1
DA:32,1
DA:35,1
DA:38,1
DA:39,12
DA:47,12
DA:50,1
DA:51,12
DA:52,12
DA:53,8
DA:54,2
DA:56,6
DA:58,12
DA:59,12
DA:60,12
DA:61,8
DA:62,8
DA:64,6
DA:65,6
DA:67,0
DA:68,0
DA:69,0
DA:71,0
DA:72,0
DA:74,0
DA:75,0
DA:76,0
DA:78,0
DA:79,0
DA:81,2
DA:82,2
DA:84,8
DA:85,2
DA:87,6
DA:88,6
DA:89,0
DA:93,12
DA:94,6
DA:96,6
DA:98,12
DA:101,1
DA:102,1
DA:103,1
DA:104,1
DA:114,1
DA:115,0
DA:116,0
DA:117,0
DA:121,1
DA:123,1
DA:126,1
DA:127,3
DA:128,3
DA:129,3
DA:130,3
DA:132,3
DA:146,1
DA:147,2
DA:148,2
DA:149,2
DA:151,2
DA:152,0
DA:154,2
DA:156,2
DA:160,1
DA:162,10
DA:163,10
DA:164,10
DA:166,10
DA:167,0
DA:169,10
DA:170,0
DA:172,10
DA:174,10
DA:175,10
DA:176,8
DA:178,10
DA:192,1
DA:193,5
LF:94
LH:77
BRDA:14,1,0,1
BRDA:14,1,1,0
BRDA:14,2,0,1
BRDA:14,2,1,1
BRDA:15,3,0,1
BRDA:15,3,1,0
BRDA:19,4,0,1
BRDA:19,4,1,0
BRDA:19,5,0,1
BRDA:19,5,1,1
BRDA:20,6,0,1
BRDA:20,6,1,0
BRDA:31,7,0,1
BRDA:31,7,1,0
BRDA:53,8,0,2
BRDA:53,8,1,6
BRDA:53,9,0,8
BRDA:53,9,1,8
BRDA:53,9,2,8
BRDA:53,9,3,8
BRDA:62,10,0,0
BRDA:62,10,1,0
BRDA:62,10,2,0
BRDA:62,10,3,0
BRDA:62,10,4,6
BRDA:62,10,5,6
BRDA:62,10,6,0
BRDA:62,10,7,0
BRDA:62,10,8,2
BRDA:62,10,9,2
BRDA:62,10,10,2
BRDA:62,10,11,2
BRDA:68,11,0,0
BRDA:68,11,1,0
BRDA:75,12,0,0
BRDA:75,12,1,0
BRDA:84,13,0,2
BRDA:84,13,1,6
BRDA:88,14,0,0
BRDA:88,14,1,6
BRDA:93,15,0,6
BRDA:93,15,1,6
BRDA:148,16,0,2
BRDA:148,16,1,0
BRDA:151,17,0,0
BRDA:151,17,1,2
BRDA:163,18,0,10
BRDA:163,18,1,0
BRDA:166,19,0,0
BRDA:166,19,1,10
BRDA:169,20,0,0
BRDA:169,20,1,10
BRF:52
BRH:31
end_of_record
TN:
SF:E:\WebServer\Platform\WebComponent\SourceCode\SIMCardComponent\models\groupMembershipDB.js
FN:9,(anonymous_1)
FN:16,(anonymous_2)
FN:23,(anonymous_3)
FN:30,(anonymous_4)
FN:51,(anonymous_5)
FN:60,(anonymous_6)
FN:67,(anonymous_7)
FNF:7
FNH:6
FNDA:1,(anonymous_1)
FNDA:0,(anonymous_2)
FNDA:3,(anonymous_3)
FNDA:10,(anonymous_4)
FNDA:2,(anonymous_5)
FNDA:1,(anonymous_6)
FNDA:5,(anonymous_7)
DA:5,1
DA:6,1
DA:7,1
DA:9,1
DA:10,1
DA:12,1
DA:13,0
DA:16,1
DA:17,0
DA:19,1
DA:20,0
DA:23,1
DA:24,3
DA:26,1
DA:27,0
DA:30,1
DA:31,10
DA:32,0
DA:33,0
DA:35,0
DA:38,10
DA:39,0
DA:42,10
DA:47,1
DA:48,0
DA:51,1
DA:52,2
DA:56,1
DA:57,0
DA:60,1
DA:61,1
DA:63,1
DA:64,0
DA:67,1
DA:68,5
LF:35
LH:24
BRDA:12,1,0,0
BRDA:12,1,1,1
BRDA:19,2,0,0
BRDA:19,2,1,1
BRDA:26,3,0,0
BRDA:26,3,1,1
BRDA:31,4,0,0
BRDA:31,4,1,10
BRDA:32,5,0,0
BRDA:32,5,1,0
BRDA:38,6,0,0
BRDA:38,6,1,10
BRDA:47,7,0,0
BRDA:47,7,1,1
BRDA:56,8,0,0
BRDA:56,8,1,1
BRDA:63,9,0,0
BRDA:63,9,1,1
BRF:18
BRH:8
end_of_record
TN:
SF:E:\WebServer\Platform\WebComponent\SourceCode\SIMCardComponent\proxy\simCardOperator.js
FN:15,convert2DBInfo
FN:64,convertToProxyInfo
FN:93,generateQueryCondition
FNF:3
FNH:3
FNDA:2,convert2DBInfo
FNDA:19,convertToProxyInfo
FNDA:12,generateQueryCondition
DA:5,1
DA:6,1
DA:7,1
DA:8,1
DA:9,1
DA:10,1
DA:12,1
DA:13,1
DA:15,1
DA:16,2
DA:35,2
DA:36,2
DA:37,2
DA:38,2
DA:57,2
DA:58,1
DA:61,2
DA:64,1
DA:65,19
DA:66,19
DA:67,19
DA:87,19
DA:88,4
DA:89,4
DA:91,19
DA:93,1
DA:95,12
DA:96,12
DA:97,9
DA:98,5
DA:100,4
DA:102,12
DA:103,12
DA:104,12
DA:105,9
DA:106,9
DA:108,0
DA:109,0
DA:111,0
DA:112,0
DA:114,0
DA:115,0
DA:116,0
DA:118,0
DA:120,4
DA:121,4
DA:122,4
DA:123,4
DA:124,4
DA:125,4
DA:126,0
DA:130,0
DA:132,4
DA:133,4
DA:135,4
DA:137,3
DA:138,3
DA:139,3
DA:141,0
DA:142,0
DA:143,0
DA:150,0
DA:151,0
DA:152,0
DA:155,2
DA:156,2
DA:158,9
DA:159,5
DA:161,4
DA:162,4
DA:163,0
DA:166,12
DA:167,4
DA:169,8
DA:171,12
DA:172,3
DA:174,3
DA:175,3
DA:177,3
DA:178,1
DA:179,1
DA:180,1
DA:181,1
DA:182,0
DA:185,1
DA:187,2
DA:189,3
DA:191,9
DA:192,0
DA:194,0
DA:195,0
DA:197,0
DA:198,0
DA:199,0
DA:200,0
DA:201,0
DA:202,0
DA:205,0
DA:207,0
DA:209,0
DA:231,9
DA:232,0
DA:234,0
DA:235,0
DA:237,0
DA:238,0
DA:239,0
DA:240,0
DA:241,0
DA:242,0
DA:245,0
DA:247,0
DA:249,0
DA:252,9
DA:257,1
DA:258,1
DA:259,1
DA:260,1
DA:270,1
DA:271,1
DA:272,1
DA:273,1
DA:283,1
DA:285,1
DA:294,1
DA:295,3
DA:296,3
DA:297,3
DA:298,3
DA:300,3
DA:316,1
DA:317,7
DA:318,7
DA:319,7
DA:320,6
DA:322,7
DA:326,1
DA:328,1
DA:329,0
DA:331,1
DA:332,0
DA:334,1
DA:335,0
DA:337,1
DA:338,1
DA:339,1
DA:341,1
DA:342,1
DA:343,1
DA:345,1
DA:346,1
DA:362,1
DA:364,11
DA:365,3
DA:367,11
DA:368,0
DA:373,11
DA:374,0
DA:376,11
DA:377,11
DA:379,11
DA:380,11
DA:381,11
DA:382,4
DA:384,11
DA:386,11
DA:387,11
DA:388,8
DA:390,11
DA:399,1
DA:400,9
DA:403,1
DA:404,0
DA:405,0
LF:174
LH:125
BRDA:43,1,0,0
BRDA:43,1,1,2
BRDA:50,2,0,0
BRDA:50,2,1,2
BRDA:51,3,0,0
BRDA:51,3,1,2
BRDA:57,4,0,1
BRDA:57,4,1,1
BRDA:72,5,0,15
BRDA:72,5,1,4
BRDA:79,6,0,15
BRDA:79,6,1,4
BRDA:80,7,0,15
BRDA:80,7,1,4
BRDA:87,8,0,4
BRDA:87,8,1,15
BRDA:97,9,0,5
BRDA:97,9,1,4
BRDA:97,10,0,9
BRDA:97,10,1,9
BRDA:97,10,2,9
BRDA:97,10,3,7
BRDA:97,10,4,4
BRDA:97,10,5,4
BRDA:106,11,0,0
BRDA:106,11,1,0
BRDA:106,11,2,0
BRDA:106,11,3,0
BRDA:106,11,4,4
BRDA:106,11,5,3
BRDA:106,11,6,0
BRDA:106,11,7,0
BRDA:106,11,8,2
BRDA:106,11,9,2
BRDA:106,11,10,2
BRDA:111,12,0,0
BRDA:111,12,1,0
BRDA:122,13,0,4
BRDA:122,13,1,0
BRDA:125,14,0,0
BRDA:125,14,1,4
BRDA:132,15,0,4
BRDA:132,15,1,0
BRDA:158,16,0,5
BRDA:158,16,1,4
BRDA:162,17,0,0
BRDA:162,17,1,4
BRDA:166,18,0,4
BRDA:166,18,1,8
BRDA:171,19,0,3
BRDA:171,19,1,9
BRDA:174,20,0,3
BRDA:174,20,1,0
BRDA:177,21,0,1
BRDA:177,21,1,2
BRDA:181,22,0,0
BRDA:181,22,1,1
BRDA:191,23,0,0
BRDA:191,23,1,9
BRDA:194,24,0,0
BRDA:194,24,1,0
BRDA:197,25,0,0
BRDA:197,25,1,0
BRDA:201,26,0,0
BRDA:201,26,1,0
BRDA:231,27,0,0
BRDA:231,27,1,9
BRDA:234,28,0,0
BRDA:234,28,1,0
BRDA:237,29,0,0
BRDA:237,29,1,0
BRDA:241,30,0,0
BRDA:241,30,1,0
BRDA:328,31,0,0
BRDA:328,31,1,1
BRDA:331,32,0,0
BRDA:331,32,1,1
BRDA:334,33,0,0
BRDA:334,33,1,1
BRDA:342,34,0,1
BRDA:342,34,1,0
BRDA:364,35,0,3
BRDA:364,35,1,8
BRDA:367,36,0,0
BRDA:367,36,1,11
BRDA:373,37,0,0
BRDA:373,37,1,11
BRDA:381,38,0,4
BRDA:381,38,1,7
BRF:89
BRH:52
end_of_record
TN:
SF:E:\WebServer\Platform\WebComponent\SourceCode\SIMCardComponent\models\simCardDB.js
FN:84,(anonymous_1)
FNF:1
FNH:1
FNDA:9,(anonymous_1)
DA:11,1
DA:12,1
DA:13,1
DA:14,1
DA:16,1
DA:17,1
DA:19,1
DA:20,0
DA:22,1
DA:23,1
DA:25,1
DA:26,0
DA:30,1
DA:31,3
DA:33,1
DA:34,0
DA:37,1
DA:38,7
DA:40,1
DA:41,0
DA:44,1
DA:45,11
DA:46,0
DA:47,0
DA:50,0
DA:53,11
DA:54,0
DA:56,11
DA:60,1
DA:61,0
DA:64,1
DA:65,1
DA:69,1
DA:70,0
DA:73,1
DA:74,1
DA:76,1
DA:77,0
DA:80,1
DA:81,9
DA:85,9
DA:89,1
DA:90,0
DA:92,1
DA:93,0
LF:45
LH:32
BRDA:19,1,0,0
BRDA:19,1,1,1
BRDA:25,2,0,0
BRDA:25,2,1,1
BRDA:33,3,0,0
BRDA:33,3,1,1
BRDA:40,4,0,0
BRDA:40,4,1,1
BRDA:45,5,0,0
BRDA:45,5,1,11
BRDA:46,6,0,0
BRDA:46,6,1,0
BRDA:53,7,0,0
BRDA:53,7,1,11
BRDA:60,8,0,0
BRDA:60,8,1,1
BRDA:69,9,0,0
BRDA:69,9,1,1
BRDA:76,10,0,0
BRDA:76,10,1,1
BRDA:92,11,0,0
BRDA:92,11,1,1
BRF:22
BRH:10
end_of_record
TN:
SF:E:\WebServer\Platform\WebComponent\SourceCode\SIMCardComponent\models\directoryDB.js
FN:14,(anonymous_1)
FN:15,(anonymous_2)
FN:23,(anonymous_3)
FN:30,(anonymous_4)
FN:37,(anonymous_5)
FN:44,(anonymous_6)
FN:63,(anonymous_7)
FN:67,(anonymous_8)
FN:71,(anonymous_9)
FN:78,(anonymous_10)
FNF:10
FNH:8
FNDA:1,(anonymous_1)
FNDA:1,(anonymous_2)
FNDA:1,(anonymous_3)
FNDA:5,(anonymous_4)
FNDA:1,(anonymous_5)
FNDA:6,(anonymous_6)
FNDA:6,(anonymous_7)
FNDA:3,(anonymous_8)
FNDA:0,(anonymous_9)
FNDA:0,(anonymous_10)
DA:10,1
DA:11,1
DA:12,1
DA:14,1
DA:15,1
DA:16,1
DA:19,1
DA:20,0
DA:23,1
DA:24,1
DA:26,1
DA:27,0
DA:30,1
DA:31,5
DA:33,1
DA:34,0
DA:37,1
DA:38,1
DA:40,1
DA:41,0
DA:44,1
DA:45,6
DA:46,0
DA:47,0
DA:49,0
DA:52,6
DA:53,0
DA:55,6
DA:59,1
DA:60,0
DA:63,1
DA:64,6
DA:67,1
DA:68,3
DA:71,1
DA:72,0
DA:74,1
DA:75,0
DA:78,1
DA:79,0
DA:81,1
DA:82,0
LF:42
LH:29
BRDA:19,1,0,0
BRDA:19,1,1,1
BRDA:26,2,0,0
BRDA:26,2,1,1
BRDA:33,3,0,0
BRDA:33,3,1,1
BRDA:40,4,0,0
BRDA:40,4,1,1
BRDA:45,5,0,0
BRDA:45,5,1,6
BRDA:46,6,0,0
BRDA:46,6,1,0
BRDA:52,7,0,0
BRDA:52,7,1,6
BRDA:59,8,0,0
BRDA:59,8,1,1
BRDA:74,9,0,0
BRDA:74,9,1,1
BRDA:81,10,0,0
BRDA:81,10,1,1
BRF:20
BRH:9
end_of_record
TN:
SF:E:\WebServer\Platform\WebComponent\SourceCode\SIMCardComponent\proxy\organizationOperator.js
FN:18,convert2DBInfo
FN:48,convert2LogicInfo
FN:67,generateQueryCondition
FNF:3
FNH:3
FNDA:2,convert2DBInfo
FNDA:17,convert2LogicInfo
FNDA:16,generateQueryCondition
DA:11,1
DA:12,1
DA:13,1
DA:14,1
DA:15,1
DA:18,1
DA:19,2
DA:28,2
DA:29,2
DA:30,2
DA:32,2
DA:41,2
DA:42,1
DA:45,2
DA:48,1
DA:49,17
DA:59,17
DA:60,17
DA:61,17
DA:64,17
DA:67,1
DA:69,16
DA:70,16
DA:71,14
DA:72,11
DA:74,3
DA:76,16
DA:77,16
DA:78,16
DA:79,14
DA:80,14
DA:82,3
DA:83,3
DA:85,0
DA:86,0
DA:88,0
DA:89,0
DA:90,0
DA:92,0
DA:94,0
DA:95,0
DA:96,0
DA:97,0
DA:98,0
DA:99,0
DA:100,0
DA:104,0
DA:106,0
DA:107,0
DA:110,7
DA:111,7
DA:112,7
DA:114,2
DA:115,2
DA:116,2
DA:123,2
DA:124,2
DA:127,14
DA:128,11
DA:130,3
DA:131,3
DA:132,0
DA:136,16
DA:137,3
DA:139,13
DA:142,16
DA:143,9
DA:145,9
DA:146,9
DA:148,9
DA:149,2
DA:150,2
DA:151,2
DA:152,2
DA:153,0
DA:156,2
DA:158,7
DA:160,9
DA:163,7
DA:167,1
DA:168,1
DA:169,1
DA:171,1
DA:175,1
DA:176,1
DA:177,1
DA:179,1
DA:183,1
DA:185,1
DA:188,1
DA:189,2
DA:191,2
DA:192,2
DA:193,2
DA:195,2
DA:199,1
DA:200,5
DA:201,2
DA:203,5
DA:204,1
DA:206,5
DA:207,5
DA:208,5
DA:209,5
DA:210,5
DA:212,5
DA:213,5
DA:218,1
DA:219,11
DA:220,5
DA:222,11
DA:223,1
DA:225,11
DA:226,0
DA:228,11
DA:229,11
DA:230,11
DA:231,11
DA:232,11
DA:233,8
DA:235,11
DA:237,11
DA:238,11
DA:239,13
DA:241,11
DA:246,1
DA:247,7
DA:250,1
DA:251,0
DA:252,0
DA:253,0
DA:254,0
DA:256,0
DA:257,0
LF:134
LH:109
BRDA:41,1,0,1
BRDA:41,1,1,1
BRDA:59,2,0,17
BRDA:59,2,1,0
BRDA:71,3,0,11
BRDA:71,3,1,3
BRDA:71,4,0,14
BRDA:71,4,1,14
BRDA:71,4,2,14
BRDA:71,4,3,12
BRDA:71,4,4,12
BRDA:71,4,5,5
BRDA:71,4,6,3
BRDA:80,5,0,0
BRDA:80,5,1,0
BRDA:80,5,2,3
BRDA:80,5,3,0
BRDA:80,5,4,0
BRDA:80,5,5,7
BRDA:80,5,6,2
BRDA:80,5,7,2
BRDA:80,5,8,2
BRDA:80,5,9,2
BRDA:80,5,10,2
BRDA:85,6,0,0
BRDA:85,6,1,0
BRDA:96,7,0,0
BRDA:96,7,1,0
BRDA:99,8,0,0
BRDA:99,8,1,0
BRDA:127,9,0,11
BRDA:127,9,1,3
BRDA:131,10,0,0
BRDA:131,10,1,3
BRDA:136,11,0,3
BRDA:136,11,1,13
BRDA:142,12,0,9
BRDA:142,12,1,7
BRDA:145,13,0,9
BRDA:145,13,1,0
BRDA:148,14,0,2
BRDA:148,14,1,7
BRDA:152,15,0,0
BRDA:152,15,1,2
BRDA:200,16,0,2
BRDA:200,16,1,3
BRDA:203,17,0,1
BRDA:203,17,1,4
BRDA:209,18,0,5
BRDA:209,18,1,0
BRDA:219,19,0,5
BRDA:219,19,1,6
BRDA:222,20,0,1
BRDA:222,20,1,10
BRDA:225,21,0,0
BRDA:225,21,1,11
BRDA:232,22,0,8
BRDA:232,22,1,3
BRDA:232,23,0,11
BRDA:232,23,1,11
BRDA:253,24,0,0
BRDA:253,24,1,0
BRF:62
BRH:44
end_of_record
TN:
SF:E:\WebServer\Platform\WebComponent\SourceCode\SIMCardComponent\models\organizationDB.js
FN:15,(anonymous_1)
FN:21,(anonymous_2)
FN:29,(anonymous_3)
FN:36,(anonymous_4)
FN:56,(anonymous_5)
FN:65,(anonymous_6)
FN:72,(anonymous_7)
FN:76,(anonymous_8)
FN:81,(anonymous_9)
FNF:9
FNH:8
FNDA:1,(anonymous_1)
FNDA:1,(anonymous_2)
FNDA:2,(anonymous_3)
FNDA:11,(anonymous_4)
FNDA:5,(anonymous_5)
FNDA:1,(anonymous_6)
FNDA:7,(anonymous_7)
FNDA:7,(anonymous_8)
FNDA:0,(anonymous_9)
DA:11,1
DA:12,1
DA:13,1
DA:15,1
DA:16,1
DA:18,1
DA:19,0
DA:21,1
DA:22,1
DA:24,1
DA:25,0
DA:29,1
DA:30,2
DA:32,1
DA:33,0
DA:36,1
DA:37,11
DA:38,0
DA:39,0
DA:42,0
DA:45,11
DA:46,0
DA:48,11
DA:52,1
DA:53,0
DA:56,1
DA:57,5
DA:61,1
DA:62,0
DA:65,1
DA:66,1
DA:68,1
DA:69,0
DA:72,1
DA:73,7
DA:77,7
DA:81,1
DA:82,0
DA:84,1
DA:85,0
LF:40
LH:28
BRDA:18,1,0,0
BRDA:18,1,1,1
BRDA:24,2,0,0
BRDA:24,2,1,1
BRDA:32,3,0,0
BRDA:32,3,1,1
BRDA:37,4,0,0
BRDA:37,4,1,11
BRDA:38,5,0,0
BRDA:38,5,1,0
BRDA:45,6,0,0
BRDA:45,6,1,11
BRDA:52,7,0,0
BRDA:52,7,1,1
BRDA:61,8,0,0
BRDA:61,8,1,1
BRDA:68,9,0,0
BRDA:68,9,1,1
BRDA:84,10,0,0
BRDA:84,10,1,1
BRF:20
BRH:9
end_of_record
TN:
SF:E:\WebServer\Platform\WebComponent\SourceCode\SIMCardComponent\controllers\messageProducerCentre.js
FN:15,(anonymous_1)
FN:24,(anonymous_2)
FN:29,(anonymous_3)
FN:40,(anonymous_4)
FN:43,(anonymous_5)
FN:45,(anonymous_6)
FN:56,(anonymous_7)
FN:59,(anonymous_8)
FNF:8
FNH:1
FNDA:10,(anonymous_1)
FNDA:0,(anonymous_2)
FNDA:0,(anonymous_3)
FNDA:0,(anonymous_4)
FNDA:0,(anonymous_5)
FNDA:0,(anonymous_6)
FNDA:0,(anonymous_7)
FNDA:0,(anonymous_8)
DA:11,1
DA:12,1
DA:13,1
DA:16,10
DA:18,0
DA:19,0
DA:25,0
DA:26,0
DA:29,0
DA:30,0
DA:31,0
DA:33,0
DA:36,0
DA:41,0
DA:42,0
DA:43,0
DA:44,0
DA:45,0
DA:46,0
DA:49,0
DA:53,0
DA:57,0
DA:58,0
DA:59,0
DA:60,0
DA:61,0
DA:63,0
DA:72,1
LF:28
LH:5
BRDA:16,1,0,0
BRDA:16,1,1,10
BRDA:18,2,0,0
BRDA:18,2,1,0
BRDA:25,3,0,0
BRDA:25,3,1,0
BRDA:30,4,0,0
BRDA:30,4,1,0
BRDA:41,5,0,0
BRDA:41,5,1,0
BRDA:44,6,0,0
BRDA:44,6,1,0
BRDA:44,7,0,0
BRDA:44,7,1,0
BRDA:44,7,2,0
BRDA:60,8,0,0
BRDA:60,8,1,0
BRF:17
BRH:1
end_of_record
TN:
SF:E:\WebServer\Platform\WebComponent\SourceCode\SIMCardComponent\common\message.js
FN:23,(anonymous_1)
FN:27,(anonymous_2)
FNF:2
FNH:0
FNDA:0,(anonymous_1)
FNDA:0,(anonymous_2)
DA:12,1
DA:14,1
DA:20,1
DA:24,0
DA:28,0
DA:31,1
LF:6
LH:4
BRF:0
BRH:0
end_of_record
TN:
SF:E:\WebServer\Platform\WebComponent\SourceCode\SIMCardComponent\controllers\tenants.js
FN:60,(anonymous_1)
FN:194,(anonymous_2)
FN:201,(anonymous_3)
FN:316,(anonymous_4)
FN:435,(anonymous_5)
FN:505,(anonymous_6)
FN:529,(anonymous_7)
FN:532,(anonymous_8)
FN:537,(anonymous_9)
FN:546,(anonymous_10)
FN:592,(anonymous_11)
FN:691,getExpandInfo
FN:692,(anonymous_13)
FN:718,(anonymous_14)
FN:733,(anonymous_15)
FN:735,(anonymous_16)
FN:742,(anonymous_17)
FN:748,(anonymous_18)
FN:753,(anonymous_19)
FN:764,(anonymous_20)
FN:792,(anonymous_21)
FN:798,(anonymous_22)
FN:804,(anonymous_23)
FN:828,(anonymous_24)
FN:840,(anonymous_25)
FN:859,(anonymous_26)
FN:871,(anonymous_27)
FN:900,(anonymous_28)
FN:909,(anonymous_29)
FN:922,(anonymous_30)
FN:924,(anonymous_31)
FN:931,(anonymous_32)
FN:935,(anonymous_33)
FN:941,(anonymous_34)
FNF:34
FNH:7
FNDA:3,(anonymous_1)
FNDA:0,(anonymous_2)
FNDA:0,(anonymous_3)
FNDA:0,(anonymous_4)
FNDA:1,(anonymous_5)
FNDA:0,(anonymous_6)
FNDA:0,(anonymous_7)
FNDA:0,(anonymous_8)
FNDA:0,(anonymous_9)
FNDA:0,(anonymous_10)
FNDA:0,(anonymous_11)
FNDA:0,getExpandInfo
FNDA:0,(anonymous_13)
FNDA:1,(anonymous_14)
FNDA:0,(anonymous_15)
FNDA:0,(anonymous_16)
FNDA:0,(anonymous_17)
FNDA:0,(anonymous_18)
FNDA:1,(anonymous_19)
FNDA:0,(anonymous_20)
FNDA:0,(anonymous_21)
FNDA:0,(anonymous_22)
FNDA:0,(anonymous_23)
FNDA:0,(anonymous_24)
FNDA:0,(anonymous_25)
FNDA:0,(anonymous_26)
FNDA:0,(anonymous_27)
FNDA:1,(anonymous_28)
FNDA:1,(anonymous_29)
FNDA:0,(anonymous_30)
FNDA:0,(anonymous_31)
FNDA:0,(anonymous_32)
FNDA:0,(anonymous_33)
FNDA:1,(anonymous_34)
DA:5,1
DA:6,1
DA:7,1
DA:8,1
DA:9,1
DA:10,1
DA:11,1
DA:12,1
DA:13,1
DA:14,1
DA:15,1
DA:16,1
DA:29,1
DA:30,0
DA:31,0
DA:32,0
DA:33,0
DA:36,0
DA:39,0
DA:42,1
DA:43,2
DA:44,2
DA:45,1
DA:47,1
DA:49,2
DA:52,1
DA:53,3
DA:54,3
DA:55,2
DA:57,1
DA:59,3
DA:60,3
DA:61,3
DA:62,3
DA:63,1
DA:64,1
DA:66,2
DA:67,2
DA:68,2
DA:69,0
DA:70,0
DA:72,2
DA:77,1
DA:78,2
DA:79,0
DA:84,0
DA:86,0
DA:89,2
DA:165,1
DA:166,1
DA:167,1
DA:168,1
DA:169,1
DA:170,1
DA:171,0
DA:173,1
DA:174,1
DA:175,1
DA:177,0
DA:178,0
DA:179,0
DA:180,0
DA:181,0
DA:182,0
DA:183,0
DA:185,0
DA:186,0
DA:187,0
DA:188,0
DA:191,1
DA:192,1
DA:193,0
DA:194,0
DA:195,0
DA:198,1
DA:199,1
DA:200,1
DA:202,0
DA:203,0
DA:207,1
DA:208,1
DA:209,1
DA:210,1
DA:211,1
DA:212,0
DA:289,1
DA:290,1
DA:291,1
DA:292,1
DA:293,0
DA:294,0
DA:298,0
DA:300,1
DA:301,1
DA:302,1
DA:303,1
DA:304,1
DA:305,0
DA:307,1
DA:308,0
DA:310,1
DA:313,1
DA:314,1
DA:315,0
DA:316,0
DA:317,0
DA:320,1
DA:321,1
DA:322,1
DA:324,0
DA:325,0
DA:329,1
DA:330,1
DA:331,1
DA:332,1
DA:333,1
DA:334,0
DA:401,1
DA:402,1
DA:403,0
DA:404,0
DA:408,0
DA:410,1
DA:411,1
DA:412,1
DA:414,1
DA:415,1
DA:416,1
DA:417,1
DA:418,1
DA:419,1
DA:420,1
DA:421,1
DA:423,0
DA:424,0
DA:425,0
DA:426,0
DA:427,0
DA:430,0
DA:431,0
DA:435,1
DA:436,1
DA:437,1
DA:438,1
DA:439,1
DA:440,0
DA:505,1
DA:506,0
DA:507,0
DA:508,0
DA:509,0
DA:510,0
DA:511,0
DA:512,0
DA:513,0
DA:514,0
DA:515,0
DA:517,0
DA:518,0
DA:519,0
DA:520,0
DA:521,0
DA:522,0
DA:523,0
DA:524,0
DA:525,0
DA:526,0
DA:527,0
DA:529,0
DA:530,0
DA:532,0
DA:533,0
DA:534,0
DA:535,0
DA:536,0
DA:538,0
DA:539,0
DA:541,0
DA:542,0
DA:546,1
DA:547,0
DA:548,0
DA:549,0
DA:550,0
DA:551,0
DA:570,1
DA:571,1
DA:572,0
DA:573,0
DA:577,0
DA:579,1
DA:580,1
DA:581,1
DA:582,1
DA:583,1
DA:584,0
DA:586,1
DA:587,1
DA:590,1
DA:591,0
DA:592,0
DA:593,0
DA:596,1
DA:597,1
DA:599,0
DA:600,0
DA:604,1
DA:605,1
DA:606,1
DA:607,1
DA:608,1
DA:609,0
DA:691,1
DA:692,0
DA:693,0
DA:694,0
DA:696,0
DA:697,0
DA:698,0
DA:701,0
DA:702,0
DA:703,0
DA:708,1
DA:709,1
DA:710,1
DA:711,1
DA:712,1
DA:714,1
DA:715,1
DA:716,1
DA:718,1
DA:719,1
DA:720,0
DA:722,1
DA:723,0
DA:725,1
DA:726,1
DA:727,1
DA:728,1
DA:729,1
DA:730,1
DA:732,0
DA:733,0
DA:734,0
DA:735,0
DA:736,0
DA:737,0
DA:738,0
DA:743,0
DA:744,0
DA:745,0
DA:746,0
DA:749,0
DA:750,0
DA:753,1
DA:754,1
DA:755,1
DA:756,1
DA:757,1
DA:758,0
DA:764,1
DA:765,0
DA:766,0
DA:767,0
DA:768,0
DA:769,0
DA:771,0
DA:772,0
DA:773,0
DA:775,0
DA:776,0
DA:777,0
DA:778,0
DA:779,0
DA:780,0
DA:781,0
DA:783,0
DA:784,0
DA:785,0
DA:786,0
DA:789,0
DA:790,0
DA:791,0
DA:792,0
DA:793,0
DA:796,0
DA:797,0
DA:799,0
DA:800,0
DA:804,1
DA:805,0
DA:806,0
DA:810,0
DA:812,0
DA:813,0
DA:814,0
DA:815,0
DA:816,0
DA:817,0
DA:819,0
DA:820,0
DA:822,0
DA:825,0
DA:826,0
DA:827,0
DA:828,0
DA:829,0
DA:832,0
DA:833,0
DA:835,0
DA:836,0
DA:840,1
DA:841,0
DA:842,0
DA:843,0
DA:844,0
DA:845,0
DA:847,0
DA:848,0
DA:849,0
DA:850,0
DA:851,0
DA:853,0
DA:854,0
DA:857,0
DA:858,0
DA:859,0
DA:860,0
DA:863,0
DA:864,0
DA:866,0
DA:867,0
DA:871,1
DA:872,0
DA:873,0
DA:874,0
DA:875,0
DA:876,0
DA:878,0
DA:879,0
DA:881,0
DA:882,0
DA:883,0
DA:884,0
DA:885,0
DA:886,0
DA:888,0
DA:889,0
DA:890,0
DA:891,0
DA:892,0
DA:895,0
DA:896,0
DA:900,1
DA:901,1
DA:902,1
DA:903,1
DA:905,1
DA:906,1
DA:907,1
DA:909,1
DA:910,1
DA:911,0
DA:913,1
DA:914,0
DA:916,1
DA:917,1
DA:918,1
DA:919,1
DA:921,0
DA:922,0
DA:923,0
DA:924,0
DA:925,0
DA:926,0
DA:927,0
DA:932,0
DA:933,0
DA:936,0
DA:937,0
DA:941,1
DA:942,1
DA:943,1
DA:944,0
DA:945,1
DA:946,1
DA:948,1
DA:949,0
DA:950,1
DA:951,0
DA:952,1
DA:953,0
DA:954,1
DA:955,1
DA:956,1
DA:957,1
DA:959,0
LF:397
LH:167
BRDA:33,1,0,0
BRDA:44,2,0,1
BRDA:44,2,1,1
BRDA:54,3,0,2
BRDA:54,3,1,1
BRDA:62,4,0,1
BRDA:62,4,1,2
BRDA:67,5,0,2
BRDA:67,5,1,0
BRDA:69,6,0,0
BRDA:69,6,1,0
BRDA:79,7,0,0
BRDA:79,7,1,0
BRDA:79,7,2,0
BRDA:79,7,3,0
BRDA:79,7,4,0
BRDA:79,7,5,0
BRDA:79,7,6,0
BRDA:79,7,7,0
BRDA:79,7,8,0
BRDA:170,8,0,0
BRDA:170,8,1,1
BRDA:173,9,0,1
BRDA:173,9,1,0
BRDA:174,10,0,1
BRDA:174,10,1,0
BRDA:174,11,0,1
BRDA:174,11,1,1
BRDA:192,12,0,0
BRDA:192,12,1,1
BRDA:209,13,0,1
BRDA:209,13,1,0
BRDA:211,14,0,0
BRDA:211,14,1,1
BRDA:292,15,0,0
BRDA:292,15,1,1
BRDA:304,16,0,0
BRDA:304,16,1,1
BRDA:307,17,0,0
BRDA:307,17,1,1
BRDA:307,18,0,1
BRDA:307,18,1,1
BRDA:314,19,0,0
BRDA:314,19,1,1
BRDA:331,20,0,1
BRDA:331,20,1,0
BRDA:333,21,0,0
BRDA:333,21,1,1
BRDA:402,22,0,0
BRDA:402,22,1,1
BRDA:416,23,0,1
BRDA:416,23,1,0
BRDA:424,24,0,0
BRDA:424,24,1,0
BRDA:426,25,0,0
BRDA:426,25,1,0
BRDA:437,26,0,1
BRDA:437,26,1,0
BRDA:439,27,0,0
BRDA:439,27,1,1
BRDA:508,28,0,0
BRDA:508,28,1,0
BRDA:520,29,0,0
BRDA:520,29,1,0
BRDA:520,30,0,0
BRDA:520,30,1,0
BRDA:520,30,2,0
BRDA:538,31,0,0
BRDA:538,31,1,0
BRDA:548,32,0,0
BRDA:548,32,1,0
BRDA:550,33,0,0
BRDA:550,33,1,0
BRDA:571,34,0,0
BRDA:571,34,1,1
BRDA:583,35,0,0
BRDA:583,35,1,1
BRDA:590,36,0,0
BRDA:590,36,1,1
BRDA:606,37,0,1
BRDA:606,37,1,0
BRDA:608,38,0,0
BRDA:608,38,1,1
BRDA:698,39,0,0
BRDA:719,40,0,0
BRDA:719,40,1,1
BRDA:722,41,0,0
BRDA:722,41,1,1
BRDA:726,42,0,1
BRDA:726,42,1,0
BRDA:737,43,0,0
BRDA:737,43,1,0
BRDA:755,44,0,1
BRDA:755,44,1,0
BRDA:757,45,0,0
BRDA:757,45,1,1
BRDA:768,46,0,0
BRDA:768,46,1,0
BRDA:771,47,0,0
BRDA:771,47,1,0
BRDA:772,48,0,0
BRDA:772,48,1,0
BRDA:772,49,0,0
BRDA:772,49,1,0
BRDA:790,50,0,0
BRDA:790,50,1,0
BRDA:805,51,0,0
BRDA:805,51,1,0
BRDA:816,52,0,0
BRDA:816,52,1,0
BRDA:819,53,0,0
BRDA:819,53,1,0
BRDA:819,54,0,0
BRDA:819,54,1,0
BRDA:826,55,0,0
BRDA:826,55,1,0
BRDA:841,56,0,0
BRDA:841,56,1,0
BRDA:850,57,0,0
BRDA:850,57,1,0
BRDA:857,58,0,0
BRDA:857,58,1,0
BRDA:872,59,0,0
BRDA:872,59,1,0
BRDA:883,60,0,0
BRDA:883,60,1,0
BRDA:889,61,0,0
BRDA:889,61,1,0
BRDA:891,62,0,0
BRDA:891,62,1,0
BRDA:910,63,0,0
BRDA:910,63,1,1
BRDA:913,64,0,0
BRDA:913,64,1,1
BRDA:917,65,0,1
BRDA:917,65,1,0
BRDA:926,66,0,0
BRDA:926,66,1,0
BRDA:943,67,0,0
BRDA:943,67,1,1
BRDA:945,68,0,1
BRDA:945,68,1,0
BRDA:948,69,0,0
BRDA:948,69,1,1
BRDA:950,70,0,0
BRDA:950,70,1,1
BRDA:952,71,0,0
BRDA:952,71,1,1
BRDA:954,72,0,1
BRDA:954,72,1,0
BRDA:956,73,0,1
BRDA:956,73,1,0
BRF:152
BRH:47
end_of_record
TN:
SF:E:\WebServer\Platform\WebComponent\SourceCode\SIMCardComponent\controllers\groupMemberships.js
FN:23,(anonymous_1)
FN:30,isTenantExist
FN:32,(anonymous_3)
FN:34,(anonymous_4)
FN:50,isExist
FN:69,(anonymous_6)
FN:71,(anonymous_7)
FN:86,isValidQueryCondition
FN:143,(anonymous_9)
FN:165,(anonymous_10)
FN:190,(anonymous_11)
FN:195,(anonymous_12)
FN:203,(anonymous_13)
FN:209,(anonymous_14)
FN:251,isExpandStrVail
FN:264,getGroup
FN:265,(anonymous_17)
FN:267,(anonymous_18)
FN:278,(anonymous_19)
FN:280,(anonymous_20)
FN:291,getExpandInfo
FN:293,(anonymous_22)
FN:300,(anonymous_23)
FN:319,(anonymous_24)
FN:350,(anonymous_25)
FN:364,(anonymous_26)
FN:379,(anonymous_27)
FN:381,(anonymous_28)
FN:394,(anonymous_29)
FN:398,(anonymous_30)
FN:403,(anonymous_31)
FN:426,(anonymous_32)
FN:439,(anonymous_33)
FN:440,(anonymous_34)
FN:443,(anonymous_35)
FN:449,(anonymous_36)
FN:468,(anonymous_37)
FN:474,(anonymous_38)
FN:484,(anonymous_39)
FN:503,(anonymous_40)
FN:532,(anonymous_41)
FN:534,(anonymous_42)
FN:541,(anonymous_43)
FN:548,(anonymous_44)
FN:553,(anonymous_45)
FN:563,isGroupExist
FN:565,(anonymous_47)
FN:567,(anonymous_48)
FN:583,(anonymous_49)
FN:603,(anonymous_50)
FN:632,(anonymous_51)
FN:634,(anonymous_52)
FN:641,(anonymous_53)
FN:648,(anonymous_54)
FN:653,(anonymous_55)
FN:663,(anonymous_56)
FN:680,(anonymous_57)
FN:709,(anonymous_58)
FN:711,(anonymous_59)
FN:718,(anonymous_60)
FN:725,(anonymous_61)
FN:730,(anonymous_62)
FN:740,(anonymous_63)
FN:759,(anonymous_64)
FN:784,(anonymous_65)
FN:789,(anonymous_66)
FN:795,(anonymous_67)
FN:801,(anonymous_68)
FN:812,(anonymous_69)
FN:813,(anonymous_70)
FN:816,(anonymous_71)
FN:822,(anonymous_72)
FN:840,(anonymous_73)
FN:846,(anonymous_74)
FN:856,(anonymous_75)
FN:871,(anonymous_76)
FN:873,(anonymous_77)
FN:886,(anonymous_78)
FN:889,(anonymous_79)
FN:895,(anonymous_80)
FN:912,(anonymous_81)
FN:939,(anonymous_82)
FN:941,(anonymous_83)
FN:948,(anonymous_84)
FN:953,(anonymous_85)
FN:959,(anonymous_86)
FNF:86
FNH:39
FNDA:1,(anonymous_1)
FNDA:4,isTenantExist
FNDA:4,(anonymous_3)
FNDA:4,(anonymous_4)
FNDA:2,isExist
FNDA:2,(anonymous_6)
FNDA:2,(anonymous_7)
FNDA:2,isValidQueryCondition
FNDA:1,(anonymous_9)
FNDA:1,(anonymous_10)
FNDA:1,(anonymous_11)
FNDA:0,(anonymous_12)
FNDA:0,(anonymous_13)
FNDA:1,(anonymous_14)
FNDA:3,isExpandStrVail
FNDA:2,getGroup
FNDA:2,(anonymous_17)
FNDA:2,(anonymous_18)
FNDA:2,(anonymous_19)
FNDA:2,(anonymous_20)
FNDA:3,getExpandInfo
FNDA:3,(anonymous_22)
FNDA:2,(anonymous_23)
FNDA:2,(anonymous_24)
FNDA:3,(anonymous_25)
FNDA:3,(anonymous_26)
FNDA:2,(anonymous_27)
FNDA:2,(anonymous_28)
FNDA:3,(anonymous_29)
FNDA:0,(anonymous_30)
FNDA:3,(anonymous_31)
FNDA:1,(anonymous_32)
FNDA:1,(anonymous_33)
FNDA:1,(anonymous_34)
FNDA:0,(anonymous_35)
FNDA:1,(anonymous_36)
FNDA:0,(anonymous_37)
FNDA:1,(anonymous_38)
FNDA:2,(anonymous_39)
FNDA:2,(anonymous_40)
FNDA:1,(anonymous_41)
FNDA:1,(anonymous_42)
FNDA:1,(anonymous_43)
FNDA:0,(anonymous_44)
FNDA:2,(anonymous_45)
FNDA:0,isGroupExist
FNDA:0,(anonymous_47)
FNDA:0,(anonymous_48)
FNDA:0,(anonymous_49)
FNDA:0,(anonymous_50)
FNDA:0,(anonymous_51)
FNDA:0,(anonymous_52)
FNDA:0,(anonymous_53)
FNDA:0,(anonymous_54)
FNDA:0,(anonymous_55)
FNDA:0,(anonymous_56)
FNDA:0,(anonymous_57)
FNDA:0,(anonymous_58)
FNDA:0,(anonymous_59)
FNDA:0,(anonymous_60)
FNDA:0,(anonymous_61)
FNDA:0,(anonymous_62)
FNDA:0,(anonymous_63)
FNDA:0,(anonymous_64)
FNDA:0,(anonymous_65)
FNDA:0,(anonymous_66)
FNDA:0,(anonymous_67)
FNDA:0,(anonymous_68)
FNDA:0,(anonymous_69)
FNDA:0,(anonymous_70)
FNDA:0,(anonymous_71)
FNDA:0,(anonymous_72)
FNDA:0,(anonymous_73)
FNDA:0,(anonymous_74)
FNDA:0,(anonymous_75)
FNDA:0,(anonymous_76)
FNDA:0,(anonymous_77)
FNDA:0,(anonymous_78)
FNDA:0,(anonymous_79)
FNDA:0,(anonymous_80)
FNDA:0,(anonymous_81)
FNDA:0,(anonymous_82)
FNDA:0,(anonymous_83)
FNDA:0,(anonymous_84)
FNDA:0,(anonymous_85)
FNDA:0,(anonymous_86)
DA:5,1
DA:6,1
DA:7,1
DA:8,1
DA:9,1
DA:10,1
DA:11,1
DA:12,1
DA:13,1
DA:14,1
DA:15,1
DA:16,1
DA:17,1
DA:18,1
DA:19,1
DA:20,1
DA:23,1
DA:24,1
DA:25,1
DA:26,1
DA:30,1
DA:31,4
DA:32,4
DA:33,4
DA:35,4
DA:36,4
DA:37,4
DA:38,4
DA:40,0
DA:41,0
DA:42,0
DA:43,0
DA:45,0
DA:50,1
DA:51,2
DA:52,2
DA:53,1
DA:54,1
DA:55,1
DA:56,1
DA:59,1
DA:60,1
DA:61,1
DA:64,1
DA:66,1
DA:69,2
DA:70,2
DA:72,2
DA:73,2
DA:74,1
DA:75,1
DA:77,1
DA:78,1
DA:79,0
DA:80,0
DA:82,1
DA:86,1
DA:87,2
DA:88,1
DA:93,1
DA:95,0
DA:98,2
DA:143,1
DA:144,1
DA:145,1
DA:146,0
DA:150,0
DA:152,1
DA:153,1
DA:154,1
DA:155,1
DA:156,1
DA:157,1
DA:160,1
DA:161,1
DA:162,1
DA:164,1
DA:165,1
DA:166,1
DA:167,0
DA:169,1
DA:170,0
DA:172,1
DA:173,1
DA:174,1
DA:175,1
DA:177,0
DA:178,0
DA:179,0
DA:180,0
DA:181,0
DA:182,0
DA:183,0
DA:185,0
DA:186,0
DA:187,0
DA:188,0
DA:191,1
DA:192,1
DA:193,1
DA:194,0
DA:195,0
DA:196,0
DA:199,1
DA:200,1
DA:201,1
DA:202,1
DA:204,0
DA:205,0
DA:209,1
DA:210,1
DA:211,1
DA:212,1
DA:213,1
DA:214,0
DA:251,1
DA:252,3
DA:253,3
DA:254,4
DA:257,4
DA:259,0
DA:262,3
DA:264,1
DA:265,2
DA:266,2
DA:268,2
DA:269,2
DA:270,0
DA:272,2
DA:273,2
DA:277,1
DA:278,2
DA:279,2
DA:281,2
DA:282,2
DA:283,0
DA:285,2
DA:286,2
DA:291,1
DA:293,3
DA:294,3
DA:295,3
DA:297,3
DA:298,4
DA:300,2
DA:301,2
DA:302,0
DA:304,2
DA:305,1
DA:307,1
DA:309,2
DA:310,2
DA:311,2
DA:313,0
DA:317,2
DA:319,2
DA:320,2
DA:321,0
DA:323,2
DA:324,1
DA:326,1
DA:328,2
DA:329,2
DA:330,1
DA:332,1
DA:336,2
DA:338,0
DA:339,0
DA:340,0
DA:346,1
DA:347,5
DA:350,1
DA:351,3
DA:352,0
DA:356,0
DA:358,3
DA:360,3
DA:361,3
DA:362,3
DA:363,3
DA:364,3
DA:365,3
DA:366,0
DA:368,3
DA:369,3
DA:370,3
DA:371,3
DA:372,1
DA:374,2
DA:375,2
DA:376,2
DA:377,0
DA:379,2
DA:380,2
DA:382,2
DA:387,0
DA:388,0
DA:389,0
DA:390,0
DA:391,0
DA:393,0
DA:395,3
DA:396,3
DA:397,3
DA:399,0
DA:400,0
DA:403,1
DA:404,3
DA:405,3
DA:406,3
DA:407,3
DA:408,0
DA:426,1
DA:427,1
DA:428,0
DA:432,0
DA:434,1
DA:435,1
DA:436,1
DA:437,1
DA:438,1
DA:439,1
DA:440,1
DA:441,1
DA:442,0
DA:443,0
DA:444,0
DA:449,1
DA:450,1
DA:451,0
DA:453,1
DA:454,1
DA:455,1
DA:456,1
DA:457,1
DA:458,1
DA:460,0
DA:461,0
DA:462,0
DA:463,0
DA:464,0
DA:466,0
DA:469,0
DA:470,0
DA:474,1
DA:475,1
DA:476,1
DA:477,1
DA:478,1
DA:479,0
DA:484,1
DA:485,2
DA:486,0
DA:490,0
DA:492,2
DA:493,2
DA:494,2
DA:495,2
DA:496,2
DA:498,2
DA:499,2
DA:500,2
DA:501,2
DA:503,2
DA:504,2
DA:505,0
DA:507,2
DA:508,0
DA:510,2
DA:511,0
DA:513,2
DA:514,2
DA:515,2
DA:516,2
DA:517,0
DA:519,2
DA:520,2
DA:523,2
DA:524,2
DA:525,2
DA:526,1
DA:527,1
DA:528,1
DA:529,1
DA:531,1
DA:532,1
DA:533,1
DA:534,1
DA:535,1
DA:536,1
DA:537,1
DA:542,1
DA:543,1
DA:544,1
DA:545,1
DA:549,0
DA:550,0
DA:553,1
DA:554,2
DA:555,2
DA:556,2
DA:557,2
DA:558,0
DA:563,1
DA:564,0
DA:565,0
DA:566,0
DA:568,0
DA:569,0
DA:570,0
DA:571,0
DA:573,0
DA:574,0
DA:575,0
DA:576,0
DA:578,0
DA:583,1
DA:584,0
DA:585,0
DA:589,0
DA:591,0
DA:592,0
DA:594,0
DA:595,0
DA:596,0
DA:597,0
DA:598,0
DA:599,0
DA:600,0
DA:601,0
DA:603,0
DA:604,0
DA:605,0
DA:607,0
DA:608,0
DA:610,0
DA:611,0
DA:613,0
DA:614,0
DA:615,0
DA:616,0
DA:617,0
DA:619,0
DA:620,0
DA:623,0
DA:624,0
DA:625,0
DA:626,0
DA:627,0
DA:628,0
DA:629,0
DA:631,0
DA:632,0
DA:633,0
DA:634,0
DA:635,0
DA:636,0
DA:637,0
DA:642,0
DA:643,0
DA:644,0
DA:645,0
DA:649,0
DA:650,0
DA:653,1
DA:654,0
DA:655,0
DA:656,0
DA:657,0
DA:658,0
DA:663,1
DA:664,0
DA:665,0
DA:669,0
DA:671,0
DA:672,0
DA:673,0
DA:674,0
DA:675,0
DA:676,0
DA:677,0
DA:678,0
DA:679,0
DA:680,0
DA:681,0
DA:682,0
DA:684,0
DA:685,0
DA:687,0
DA:688,0
DA:690,0
DA:691,0
DA:692,0
DA:693,0
DA:694,0
DA:696,0
DA:697,0
DA:700,0
DA:701,0
DA:702,0
DA:703,0
DA:704,0
DA:705,0
DA:706,0
DA:708,0
DA:709,0
DA:710,0
DA:711,0
DA:712,0
DA:713,0
DA:714,0
DA:719,0
DA:720,0
DA:721,0
DA:722,0
DA:726,0
DA:727,0
DA:730,1
DA:731,0
DA:732,0
DA:733,0
DA:734,0
DA:735,0
DA:740,1
DA:741,0
DA:742,0
DA:746,0
DA:748,0
DA:749,0
DA:750,0
DA:751,0
DA:752,0
DA:755,0
DA:756,0
DA:757,0
DA:758,0
DA:759,0
DA:760,0
DA:761,0
DA:763,0
DA:764,0
DA:766,0
DA:767,0
DA:768,0
DA:769,0
DA:771,0
DA:772,0
DA:773,0
DA:774,0
DA:775,0
DA:776,0
DA:777,0
DA:779,0
DA:780,0
DA:781,0
DA:782,0
DA:785,0
DA:786,0
DA:787,0
DA:788,0
DA:789,0
DA:790,0
DA:793,0
DA:794,0
DA:796,0
DA:797,0
DA:801,1
DA:802,0
DA:803,0
DA:804,0
DA:805,0
DA:806,0
DA:808,0
DA:809,0
DA:811,0
DA:812,0
DA:813,0
DA:814,0
DA:815,0
DA:816,0
DA:817,0
DA:822,0
DA:823,0
DA:824,0
DA:826,0
DA:827,0
DA:828,0
DA:829,0
DA:830,0
DA:832,0
DA:833,0
DA:834,0
DA:835,0
DA:836,0
DA:838,0
DA:841,0
DA:842,0
DA:846,1
DA:847,0
DA:848,0
DA:849,0
DA:850,0
DA:851,0
DA:853,0
DA:854,0
DA:855,0
DA:856,0
DA:857,0
DA:858,0
DA:860,0
DA:861,0
DA:862,0
DA:863,0
DA:864,0
DA:866,0
DA:867,0
DA:868,0
DA:869,0
DA:871,0
DA:872,0
DA:874,0
DA:879,0
DA:880,0
DA:881,0
DA:882,0
DA:883,0
DA:885,0
DA:887,0
DA:888,0
DA:890,0
DA:891,0
DA:895,1
DA:896,0
DA:897,0
DA:901,0
DA:903,0
DA:904,0
DA:905,0
DA:907,0
DA:908,0
DA:909,0
DA:910,0
DA:912,0
DA:913,0
DA:914,0
DA:916,0
DA:917,0
DA:919,0
DA:920,0
DA:922,0
DA:923,0
DA:924,0
DA:925,0
DA:926,0
DA:928,0
DA:929,0
DA:932,0
DA:933,0
DA:934,0
DA:935,0
DA:936,0
DA:938,0
DA:939,0
DA:940,0
DA:941,0
DA:942,0
DA:943,0
DA:944,0
DA:949,0
DA:950,0
DA:954,0
DA:955,0
DA:959,1
DA:960,0
DA:961,0
DA:962,0
DA:963,0
DA:964,0
DA:965,0
DA:966,0
DA:968,0
DA:969,0
DA:970,0
DA:971,0
DA:972,0
DA:973,0
DA:974,0
DA:975,0
DA:977,0
LF:589
LH:238
BRDA:36,1,0,4
BRDA:36,1,1,0
BRDA:40,2,0,0
BRDA:40,2,1,0
BRDA:42,3,0,0
BRDA:42,3,1,0
BRDA:52,4,0,1
BRDA:52,4,1,1
BRDA:52,5,0,2
BRDA:52,5,1,1
BRDA:54,6,0,1
BRDA:54,6,1,0
BRDA:54,7,0,1
BRDA:54,7,1,1
BRDA:55,8,0,1
BRDA:55,8,1,0
BRDA:59,9,0,1
BRDA:59,9,1,0
BRDA:59,10,0,1
BRDA:59,10,1,1
BRDA:60,11,0,1
BRDA:60,11,1,0
BRDA:73,12,0,1
BRDA:73,12,1,1
BRDA:77,13,0,1
BRDA:77,13,1,0
BRDA:79,14,0,0
BRDA:79,14,1,0
BRDA:88,15,0,0
BRDA:88,15,1,0
BRDA:88,15,2,0
BRDA:88,15,3,0
BRDA:88,15,4,0
BRDA:88,15,5,0
BRDA:88,15,6,1
BRDA:88,15,7,1
BRDA:88,15,8,1
BRDA:88,15,9,1
BRDA:88,15,10,0
BRDA:145,16,0,0
BRDA:145,16,1,1
BRDA:155,17,0,1
BRDA:155,17,1,0
BRDA:155,18,0,1
BRDA:155,18,1,1
BRDA:156,19,0,1
BRDA:156,19,1,0
BRDA:166,20,0,0
BRDA:166,20,1,1
BRDA:169,21,0,0
BRDA:169,21,1,1
BRDA:173,22,0,1
BRDA:173,22,1,0
BRDA:174,23,0,1
BRDA:174,23,1,0
BRDA:174,24,0,1
BRDA:174,24,1,1
BRDA:193,25,0,0
BRDA:193,25,1,1
BRDA:211,26,0,1
BRDA:211,26,1,0
BRDA:213,27,0,0
BRDA:213,27,1,1
BRDA:254,28,0,2
BRDA:254,28,1,4
BRDA:254,28,2,0
BRDA:269,29,0,0
BRDA:269,29,1,2
BRDA:282,30,0,0
BRDA:282,30,1,2
BRDA:298,31,0,2
BRDA:298,31,1,2
BRDA:298,31,2,0
BRDA:301,32,0,0
BRDA:301,32,1,2
BRDA:304,33,0,1
BRDA:304,33,1,1
BRDA:310,34,0,2
BRDA:310,34,1,0
BRDA:320,35,0,0
BRDA:320,35,1,2
BRDA:323,36,0,1
BRDA:323,36,1,1
BRDA:329,37,0,1
BRDA:329,37,1,1
BRDA:351,38,0,0
BRDA:351,38,1,3
BRDA:351,39,0,3
BRDA:351,39,1,0
BRDA:365,40,0,0
BRDA:365,40,1,3
BRDA:369,41,0,3
BRDA:369,41,1,0
BRDA:371,42,0,1
BRDA:371,42,1,2
BRDA:376,43,0,0
BRDA:376,43,1,2
BRDA:388,44,0,0
BRDA:388,44,1,0
BRDA:390,45,0,0
BRDA:390,45,1,0
BRDA:405,46,0,3
BRDA:405,46,1,0
BRDA:407,47,0,0
BRDA:407,47,1,3
BRDA:427,48,0,0
BRDA:427,48,1,1
BRDA:427,49,0,1
BRDA:427,49,1,0
BRDA:441,50,0,0
BRDA:441,50,1,1
BRDA:450,51,0,0
BRDA:450,51,1,1
BRDA:454,52,0,1
BRDA:454,52,1,0
BRDA:461,53,0,0
BRDA:461,53,1,0
BRDA:463,54,0,0
BRDA:463,54,1,0
BRDA:476,55,0,1
BRDA:476,55,1,0
BRDA:478,56,0,0
BRDA:478,56,1,1
BRDA:485,57,0,0
BRDA:485,57,1,2
BRDA:504,58,0,0
BRDA:504,58,1,2
BRDA:507,59,0,0
BRDA:507,59,1,2
BRDA:510,60,0,0
BRDA:510,60,1,2
BRDA:516,61,0,0
BRDA:516,61,1,2
BRDA:525,62,0,1
BRDA:525,62,1,1
BRDA:525,63,0,2
BRDA:525,63,1,1
BRDA:536,64,0,1
BRDA:536,64,1,0
BRDA:555,65,0,2
BRDA:555,65,1,0
BRDA:557,66,0,0
BRDA:557,66,1,2
BRDA:569,67,0,0
BRDA:569,67,1,0
BRDA:573,68,0,0
BRDA:573,68,1,0
BRDA:575,69,0,0
BRDA:575,69,1,0
BRDA:584,70,0,0
BRDA:584,70,1,0
BRDA:584,71,0,0
BRDA:584,71,1,0
BRDA:604,72,0,0
BRDA:604,72,1,0
BRDA:607,73,0,0
BRDA:607,73,1,0
BRDA:610,74,0,0
BRDA:610,74,1,0
BRDA:616,75,0,0
BRDA:616,75,1,0
BRDA:625,76,0,0
BRDA:625,76,1,0
BRDA:625,77,0,0
BRDA:625,77,1,0
BRDA:636,78,0,0
BRDA:636,78,1,0
BRDA:655,79,0,0
BRDA:655,79,1,0
BRDA:657,80,0,0
BRDA:657,80,1,0
BRDA:664,81,0,0
BRDA:664,81,1,0
BRDA:664,82,0,0
BRDA:664,82,1,0
BRDA:681,83,0,0
BRDA:681,83,1,0
BRDA:684,84,0,0
BRDA:684,84,1,0
BRDA:687,85,0,0
BRDA:687,85,1,0
BRDA:693,86,0,0
BRDA:693,86,1,0
BRDA:702,87,0,0
BRDA:702,87,1,0
BRDA:702,88,0,0
BRDA:702,88,1,0
BRDA:713,89,0,0
BRDA:713,89,1,0
BRDA:732,90,0,0
BRDA:732,90,1,0
BRDA:734,91,0,0
BRDA:734,91,1,0
BRDA:741,92,0,0
BRDA:741,92,1,0
BRDA:750,93,0,0
BRDA:750,93,1,0
BRDA:750,94,0,0
BRDA:750,94,1,0
BRDA:751,95,0,0
BRDA:751,95,1,0
BRDA:760,96,0,0
BRDA:760,96,1,0
BRDA:763,97,0,0
BRDA:763,97,1,0
BRDA:767,98,0,0
BRDA:767,98,1,0
BRDA:768,99,0,0
BRDA:768,99,1,0
BRDA:768,100,0,0
BRDA:768,100,1,0
BRDA:787,101,0,0
BRDA:787,101,1,0
BRDA:802,102,0,0
BRDA:802,102,1,0
BRDA:802,103,0,0
BRDA:802,103,1,0
BRDA:814,104,0,0
BRDA:814,104,1,0
BRDA:823,105,0,0
BRDA:823,105,1,0
BRDA:827,106,0,0
BRDA:827,106,1,0
BRDA:833,107,0,0
BRDA:833,107,1,0
BRDA:835,108,0,0
BRDA:835,108,1,0
BRDA:847,109,0,0
BRDA:847,109,1,0
BRDA:847,110,0,0
BRDA:847,110,1,0
BRDA:857,111,0,0
BRDA:857,111,1,0
BRDA:861,112,0,0
BRDA:861,112,1,0
BRDA:863,113,0,0
BRDA:863,113,1,0
BRDA:868,114,0,0
BRDA:868,114,1,0
BRDA:880,115,0,0
BRDA:880,115,1,0
BRDA:882,116,0,0
BRDA:882,116,1,0
BRDA:896,117,0,0
BRDA:896,117,1,0
BRDA:913,118,0,0
BRDA:913,118,1,0
BRDA:916,119,0,0
BRDA:916,119,1,0
BRDA:919,120,0,0
BRDA:919,120,1,0
BRDA:925,121,0,0
BRDA:925,121,1,0
BRDA:934,122,0,0
BRDA:934,122,1,0
BRDA:934,123,0,0
BRDA:934,123,1,0
BRDA:943,124,0,0
BRDA:943,124,1,0
BRDA:961,125,0,0
BRDA:961,125,1,0
BRDA:964,126,0,0
BRDA:964,126,1,0
BRDA:968,127,0,0
BRDA:968,127,1,0
BRDA:970,128,0,0
BRDA:970,128,1,0
BRDA:972,129,0,0
BRDA:972,129,1,0
BRDA:974,130,0,0
BRDA:974,130,1,0
BRF:271
BRH:77
end_of_record
TN:
SF:E:\WebServer\Platform\WebComponent\SourceCode\SIMCardComponent\controllers\directories.js
FN:31,isValidQueryCondition
FN:45,(anonymous_2)
FN:55,isTenantExist
FN:72,isOrganizationExist
FN:74,(anonymous_5)
FN:76,(anonymous_6)
FN:92,isExist
FN:99,(anonymous_8)
FN:101,(anonymous_9)
FN:119,isExpandStrVail
FN:133,getSIMCards
FN:134,(anonymous_12)
FN:136,(anonymous_13)
FN:145,getOrganization
FN:146,(anonymous_15)
[...]
BRDA:693,70,0,0
BRDA:693,70,1,0
BRDA:699,71,0,0
BRDA:699,71,1,0
BRDA:709,72,0,0
BRDA:709,72,1,0
BRDA:729,73,0,0
BRDA:729,73,1,0
BRDA:729,74,0,0
BRDA:729,74,1,0
BRDA:729,74,2,0
BRDA:740,75,0,0
BRDA:740,75,1,0
BRDA:752,76,0,0
BRDA:752,76,1,0
BRDA:768,77,0,0
BRDA:768,77,1,0
BRDA:768,78,0,0
BRDA:768,78,1,0
BRDA:768,78,2,0
BRDA:781,79,0,0
BRDA:781,79,1,0
BRDA:783,80,0,0
BRDA:783,80,1,0
BRDA:788,81,0,0
BRDA:788,81,1,0
BRDA:792,82,0,0
BRDA:792,82,1,0
BRDA:801,83,0,0
BRDA:801,83,1,0
BRDA:803,84,0,0
BRDA:803,84,1,0
BRDA:816,85,0,0
BRDA:816,85,1,0
BRDA:816,86,0,0
BRDA:816,86,1,0
BRDA:830,87,0,0
BRDA:830,87,1,0
BRDA:833,88,0,0
BRDA:833,88,1,0
BRDA:836,89,0,0
BRDA:836,89,1,0
BRDA:845,90,0,0
BRDA:845,90,1,0
BRDA:848,91,0,0
BRDA:848,91,1,0
BRDA:871,92,0,0
BRDA:871,92,1,0
BRDA:875,93,0,0
BRDA:875,93,1,0
BRDA:880,94,0,0
BRDA:880,94,1,0
BRDA:882,95,0,0
BRDA:882,95,1,0
BRDA:884,96,0,0
BRDA:884,96,1,0
BRDA:886,97,0,0
BRDA:886,97,1,0
BRF:207
BRH:48
end_of_record
TN:
SF:E:\WebServer\Platform\WebComponent\SourceCode\SIMCardComponent\models\serialNumberDB.js
FN:8,(anonymous_1)
FN:12,(anonymous_2)
FN:16,(anonymous_3)
FNF:3
FNH:2
FNDA:1,(anonymous_1)
FNDA:1,(anonymous_2)
FNDA:0,(anonymous_3)
DA:4,1
DA:5,1
DA:6,1
DA:8,1
DA:9,1
DA:12,1
DA:13,1
DA:16,1
DA:17,0
LF:9
LH:8
BRF:0
BRH:0
end_of_record
TN:
SF:E:\WebServer\Platform\WebComponent\SourceCode\SIMCardComponent\controllers\flows.js
FN:37,isTenantExist
FN:54,isDirectoryExist
FN:71,isSIMCardExist
FN:74,(anonymous_4)
FN:88,isExist
FN:94,(anonymous_6)
FN:107,isOrganizationExist
FN:110,(anonymous_8)
FN:124,isGroupExist
FN:127,(anonymous_10)
FN:140,isValidQueryCondition
FN:234,(anonymous_12)
FN:235,(anonymous_13)
FN:238,(anonymous_14)
FN:356,(anonymous_15)
FN:357,(anonymous_16)
FN:360,(anonymous_17)
FN:442,isExpandStrVail
FN:456,getDirectory
FN:465,getSIMCard
FN:496,getExpandInfo
FN:677,(anonymous_22)
FN:678,(anonymous_23)
FN:681,(anonymous_24)
FN:887,(anonymous_25)
FN:928,(anonymous_26)
FN:942,(anonymous_27)
FN:943,(anonymous_28)
FN:946,(anonymous_29)
FN:971,(anonymous_30)
FN:981,(anonymous_31)
FN:982,(anonymous_32)
FN:985,(anonymous_33)
FN:1014,(anonymous_34)
FN:1030,(anonymous_35)
FN:1031,(anonymous_36)
FN:1034,(anonymous_37)
FN:1061,(anonymous_38)
FN:1101,(anonymous_39)
FN:1171,(anonymous_40)
FNF:40
FNH:15
FNDA:3,isTenantExist
FNDA:0,isDirectoryExist
FNDA:5,isSIMCardExist
FNDA:5,(anonymous_4)
FNDA:2,isExist
FNDA:2,(anonymous_6)
FNDA:0,isOrganizationExist
FNDA:0,(anonymous_8)
FNDA:0,isGroupExist
FNDA:0,(anonymous_10)
FNDA:3,isValidQueryCondition
FNDA:1,(anonymous_12)
FNDA:1,(anonymous_13)
FNDA:0,(anonymous_14)
FNDA:1,(anonymous_15)
FNDA:1,(anonymous_16)
FNDA:0,(anonymous_17)
FNDA:2,isExpandStrVail
FNDA:0,getDirectory
FNDA:2,getSIMCard
FNDA:2,getExpandInfo
FNDA:1,(anonymous_22)
FNDA:1,(anonymous_23)
FNDA:0,(anonymous_24)
FNDA:0,(anonymous_25)
FNDA:0,(anonymous_26)
FNDA:0,(anonymous_27)
FNDA:0,(anonymous_28)
FNDA:0,(anonymous_29)
FNDA:0,(anonymous_30)
FNDA:0,(anonymous_31)
FNDA:0,(anonymous_32)
FNDA:0,(anonymous_33)
FNDA:0,(anonymous_34)
FNDA:0,(anonymous_35)
FNDA:0,(anonymous_36)
FNDA:0,(anonymous_37)
FNDA:0,(anonymous_38)
FNDA:0,(anonymous_39)
FNDA:0,(anonymous_40)
DA:4,1
DA:5,1
DA:6,1
DA:7,1
DA:8,1
DA:9,1
DA:10,1
DA:11,1
DA:12,1
DA:13,1
DA:14,1
DA:15,1
DA:16,1
DA:17,1
DA:18,1
DA:19,1
DA:27,1
DA:28,3
DA:29,3
DA:30,3
DA:32,0
DA:34,3
DA:37,1
DA:38,3
DA:39,3
DA:41,3
DA:42,3
DA:43,3
DA:45,0
DA:46,0
DA:47,0
DA:48,0
DA:50,0
DA:54,1
DA:55,0
DA:56,0
DA:58,0
DA:59,0
DA:60,0
DA:62,0
DA:63,0
DA:64,0
DA:65,0
DA:67,0
DA:71,1
DA:72,5
DA:73,5
DA:75,5
DA:76,5
DA:77,5
DA:79,0
DA:80,0
DA:81,0
DA:82,0
DA:84,0
DA:88,1
DA:89,2
DA:90,2
DA:91,2
DA:93,2
DA:95,2
DA:96,2
DA:97,2
DA:99,0
DA:100,0
DA:101,0
DA:102,0
DA:104,0
DA:107,1
DA:108,0
DA:109,0
DA:111,0
DA:112,0
DA:113,0
DA:115,0
DA:116,0
DA:117,0
DA:118,0
DA:120,0
DA:124,1
DA:125,0
DA:126,0
DA:128,0
DA:129,0
DA:130,0
DA:132,0
DA:133,0
DA:134,0
DA:135,0
DA:137,0
DA:140,1
DA:141,3
DA:142,2
DA:146,2
DA:148,0
DA:151,3
DA:214,1
DA:215,2
DA:216,2
DA:217,0
DA:218,0
DA:222,0
DA:224,2
DA:225,2
DA:226,2
DA:227,2
DA:228,2
DA:229,2
DA:231,2
DA:232,2
DA:233,2
DA:234,2
DA:235,1
DA:236,1
DA:237,0
DA:238,0
DA:239,0
DA:244,2
DA:245,2
DA:246,1
DA:248,1
DA:249,0
DA:251,1
DA:253,1
DA:254,1
DA:255,1
DA:256,1
DA:257,1
DA:258,1
DA:260,1
DA:261,1
DA:264,1
DA:265,2
DA:266,2
DA:267,2
DA:268,2
DA:269,0
DA:333,1
DA:334,1
DA:336,1
DA:337,0
DA:338,0
DA:342,0
DA:344,1
DA:345,1
DA:346,1
DA:347,1
DA:348,1
DA:349,1
DA:350,1
DA:351,1
DA:353,1
DA:354,1
DA:355,1
DA:356,1
DA:357,1
DA:358,1
DA:359,0
DA:360,0
DA:361,0
DA:366,1
DA:367,1
DA:368,0
DA:370,1
DA:371,0
DA:373,1
DA:376,1
DA:377,1
DA:378,1
DA:379,1
DA:380,1
DA:381,1
DA:384,0
DA:385,0
DA:388,1
DA:389,1
DA:390,1
DA:391,1
DA:392,1
DA:393,0
DA:442,1
DA:443,2
DA:444,2
DA:445,2
DA:446,2
DA:449,2
DA:451,0
DA:454,2
DA:456,1
DA:457,0
DA:458,0
DA:459,0
DA:461,0
DA:462,0
DA:465,1
DA:466,2
DA:467,2
DA:468,0
DA:470,2
DA:471,2
DA:496,1
DA:498,2
DA:499,2
DA:500,2
DA:502,2
DA:503,2
DA:504,2
DA:506,0
DA:507,0
DA:508,0
DA:510,0
DA:511,0
DA:513,0
DA:515,0
DA:516,0
DA:517,0
DA:519,0
DA:523,0
DA:526,2
DA:527,2
DA:528,0
DA:530,2
DA:531,1
DA:533,1
DA:535,2
DA:536,2
DA:537,2
DA:539,0
DA:543,2
DA:584,0
DA:585,0
DA:586,0
DA:592,1
DA:593,1
DA:594,0
DA:595,0
DA:599,0
DA:601,1
DA:602,1
DA:603,1
DA:604,1
DA:605,1
DA:607,1
DA:608,1
DA:609,1
DA:610,1
DA:611,0
DA:613,1
DA:614,1
DA:615,1
DA:616,1
DA:617,0
DA:619,1
DA:621,0
DA:622,0
DA:623,0
DA:624,0
DA:625,0
DA:627,0
DA:630,1
DA:631,1
DA:632,1
DA:633,1
DA:635,0
DA:636,0
DA:639,1
DA:640,1
DA:641,1
DA:642,1
DA:643,1
DA:644,0
DA:663,1
DA:664,1
DA:665,0
DA:666,0
DA:670,0
DA:672,1
DA:673,1
DA:674,1
DA:675,1
DA:676,1
DA:677,1
DA:678,1
DA:679,1
DA:680,0
DA:681,0
DA:682,0
DA:687,1
DA:688,1
DA:689,0
DA:691,1
DA:692,1
DA:693,1
DA:694,1
DA:695,1
DA:696,1
DA:698,0
DA:699,0
DA:700,0
DA:701,0
DA:702,0
DA:704,0
DA:706,0
DA:707,0
DA:710,1
DA:711,1
DA:712,1
DA:713,1
DA:714,1
DA:715,0
DA:764,1
DA:765,3
DA:766,0
DA:767,0
DA:771,0
DA:773,3
DA:774,3
DA:775,3
DA:776,3
DA:777,3
DA:778,3
DA:779,3
DA:781,3
DA:782,3
DA:783,3
DA:784,1
DA:785,1
DA:786,1
DA:787,0
DA:789,1
DA:790,0
DA:792,1
DA:793,1
DA:794,1
DA:795,1
DA:796,1
DA:799,0
DA:800,0
DA:803,2
DA:804,2
DA:805,2
DA:806,2
DA:807,0
DA:809,2
DA:810,0
DA:812,2
DA:813,0
DA:815,2
DA:816,2
DA:817,1
DA:818,1
DA:819,1
DA:820,1
DA:822,1
DA:823,1
DA:824,1
DA:825,1
DA:826,1
DA:827,1
DA:828,1
DA:833,1
DA:834,1
DA:835,1
DA:836,1
DA:839,0
DA:840,0
DA:845,1
DA:846,3
DA:847,3
DA:848,3
DA:849,3
DA:850,0
DA:856,1
DA:857,0
DA:858,0
DA:859,0
DA:863,0
DA:865,0
DA:866,0
DA:867,0
DA:868,0
DA:869,0
DA:871,0
DA:872,0
DA:873,0
DA:874,0
DA:876,0
DA:877,0
DA:878,0
DA:880,0
DA:881,0
DA:883,0
DA:884,0
DA:886,0
DA:887,0
DA:888,0
DA:890,0
DA:891,0
DA:892,0
DA:893,0
DA:894,0
DA:895,0
DA:897,0
DA:898,0
DA:899,0
DA:900,0
DA:901,0
DA:902,0
DA:903,0
DA:908,0
DA:909,0
DA:910,0
DA:911,0
DA:914,0
DA:915,0
DA:918,1
DA:919,0
DA:920,0
DA:921,0
DA:922,0
DA:923,0
DA:928,1
DA:929,0
DA:930,0
DA:934,0
DA:936,0
DA:937,0
DA:938,0
DA:939,0
DA:940,0
DA:941,0
DA:942,0
DA:943,0
DA:944,0
DA:945,0
DA:946,0
DA:947,0
DA:952,0
DA:953,0
DA:954,0
DA:956,0
DA:957,0
DA:959,0
DA:961,0
DA:962,0
DA:963,0
DA:964,0
DA:966,0
DA:967,0
DA:971,1
DA:972,0
DA:973,0
DA:974,0
DA:975,0
DA:976,0
DA:978,0
DA:979,0
DA:980,0
DA:981,0
DA:982,0
DA:983,0
DA:984,0
DA:985,0
DA:986,0
DA:991,0
DA:992,0
DA:993,0
DA:995,0
DA:996,0
DA:997,0
DA:998,0
DA:999,0
DA:1001,0
DA:1002,0
DA:1003,0
DA:1004,0
DA:1005,0
DA:1007,0
DA:1009,0
DA:1010,0
DA:1014,1
DA:1015,0
DA:1016,0
DA:1020,0
DA:1022,0
DA:1023,0
DA:1024,0
DA:1025,0
DA:1027,0
DA:1028,0
DA:1029,0
DA:1030,0
DA:1031,0
DA:1032,0
DA:1033,0
DA:1034,0
DA:1035,0
DA:1040,0
DA:1041,0
DA:1042,0
DA:1044,0
DA:1045,0
DA:1047,0
DA:1050,0
DA:1051,0
DA:1052,0
DA:1053,0
DA:1056,0
DA:1057,0
DA:1061,1
DA:1062,0
DA:1063,0
DA:1064,0
DA:1065,0
DA:1066,0
DA:1068,0
DA:1069,0
DA:1070,0
DA:1071,0
DA:1072,0
DA:1073,0
DA:1075,0
DA:1076,0
DA:1077,0
DA:1078,0
DA:1079,0
DA:1080,0
DA:1082,0
DA:1084,0
DA:1085,0
DA:1086,0
DA:1087,0
DA:1088,0
DA:1090,0
DA:1093,0
DA:1094,0
DA:1096,0
DA:1097,0
DA:1101,1
DA:1102,0
DA:1103,0
DA:1107,0
DA:1109,0
DA:1110,0
DA:1111,0
DA:1113,0
DA:1114,0
DA:1115,0
DA:1116,0
DA:1117,0
DA:1118,0
DA:1119,0
DA:1121,0
DA:1122,0
DA:1124,0
DA:1125,0
DA:1126,0
DA:1129,0
DA:1130,0
DA:1133,0
DA:1134,0
DA:1135,0
DA:1136,0
DA:1137,0
DA:1139,0
DA:1140,0
DA:1142,0
DA:1143,0
DA:1145,0
DA:1146,0
DA:1147,0
DA:1148,0
DA:1150,0
DA:1151,0
DA:1152,0
DA:1153,0
DA:1154,0
DA:1155,0
DA:1156,0
DA:1161,0
DA:1162,0
DA:1165,0
DA:1166,0
DA:1171,1
DA:1172,0
DA:1173,0
DA:1174,0
DA:1175,0
DA:1176,0
DA:1177,0
DA:1178,0
DA:1179,0
DA:1180,0
DA:1181,0
DA:1182,0
DA:1184,0
DA:1185,0
DA:1186,0
DA:1187,0
DA:1188,0
DA:1189,0
DA:1190,0
DA:1191,0
DA:1192,0
DA:1193,0
DA:1195,0
LF:606
LH:248
BRDA:29,1,0,3
BRDA:29,1,1,0
BRDA:42,2,0,3
BRDA:42,2,1,0
BRDA:45,3,0,0
BRDA:45,3,1,0
BRDA:47,4,0,0
BRDA:47,4,1,0
BRDA:59,5,0,0
BRDA:59,5,1,0
BRDA:62,6,0,0
BRDA:62,6,1,0
BRDA:64,7,0,0
BRDA:64,7,1,0
BRDA:76,8,0,5
BRDA:76,8,1,0
BRDA:79,9,0,0
BRDA:79,9,1,0
BRDA:81,10,0,0
BRDA:81,10,1,0
BRDA:90,11,0,2
BRDA:90,11,1,0
BRDA:96,12,0,2
BRDA:96,12,1,0
BRDA:99,13,0,0
BRDA:99,13,1,0
BRDA:101,14,0,0
BRDA:101,14,1,0
BRDA:112,15,0,0
BRDA:112,15,1,0
BRDA:115,16,0,0
BRDA:115,16,1,0
BRDA:117,17,0,0
BRDA:117,17,1,0
BRDA:129,18,0,0
BRDA:129,18,1,0
BRDA:132,19,0,0
BRDA:132,19,1,0
BRDA:134,20,0,0
BRDA:134,20,1,0
BRDA:142,21,0,0
BRDA:142,21,1,0
BRDA:142,21,2,0
BRDA:142,21,3,0
BRDA:142,21,4,0
BRDA:142,21,5,1
BRDA:142,21,6,1
BRDA:142,21,7,1
BRDA:142,21,8,2
BRDA:142,21,9,0
BRDA:216,22,0,0
BRDA:216,22,1,2
BRDA:216,23,0,2
BRDA:216,23,1,0
BRDA:216,23,2,0
BRDA:236,24,0,0
BRDA:236,24,1,1
BRDA:245,25,0,1
BRDA:245,25,1,1
BRDA:248,26,0,0
BRDA:248,26,1,1
BRDA:266,27,0,2
BRDA:266,27,1,0
BRDA:268,28,0,0
BRDA:268,28,1,2
BRDA:336,29,0,0
BRDA:336,29,1,1
BRDA:336,30,0,1
BRDA:336,30,1,0
BRDA:336,30,2,0
BRDA:336,30,3,0
BRDA:358,31,0,0
BRDA:358,31,1,1
BRDA:367,32,0,0
BRDA:367,32,1,1
BRDA:370,33,0,0
BRDA:370,33,1,1
BRDA:370,34,0,1
BRDA:370,34,1,0
BRDA:390,35,0,1
BRDA:390,35,1,0
BRDA:392,36,0,0
BRDA:392,36,1,1
BRDA:446,37,0,0
BRDA:446,37,1,2
BRDA:446,37,2,0
BRDA:458,38,0,0
BRDA:458,38,1,0
BRDA:467,39,0,0
BRDA:467,39,1,2
BRDA:504,40,0,0
BRDA:504,40,1,2
BRDA:504,40,2,0
BRDA:507,41,0,0
BRDA:507,41,1,0
BRDA:510,42,0,0
BRDA:510,42,1,0
BRDA:516,43,0,0
BRDA:516,43,1,0
BRDA:527,44,0,0
BRDA:527,44,1,2
BRDA:530,45,0,1
BRDA:530,45,1,1
BRDA:536,46,0,2
BRDA:536,46,1,0
BRDA:593,47,0,0
BRDA:593,47,1,1
BRDA:593,48,0,1
BRDA:593,48,1,0
BRDA:593,48,2,0
BRDA:593,48,3,0
BRDA:610,49,0,0
BRDA:610,49,1,1
BRDA:614,50,0,1
BRDA:614,50,1,0
BRDA:616,51,0,0
BRDA:616,51,1,1
BRDA:622,52,0,0
BRDA:622,52,1,0
BRDA:624,53,0,0
BRDA:624,53,1,0
BRDA:641,54,0,1
BRDA:641,54,1,0
BRDA:643,55,0,0
BRDA:643,55,1,1
BRDA:664,56,0,0
BRDA:664,56,1,1
BRDA:664,57,0,1
BRDA:664,57,1,0
BRDA:664,57,2,0
BRDA:664,57,3,0
BRDA:679,58,0,0
BRDA:679,58,1,1
BRDA:688,59,0,0
BRDA:688,59,1,1
BRDA:692,60,0,1
BRDA:692,60,1,0
BRDA:699,61,0,0
BRDA:699,61,1,0
BRDA:701,62,0,0
BRDA:701,62,1,0
BRDA:712,63,0,1
BRDA:712,63,1,0
BRDA:714,64,0,0
BRDA:714,64,1,1
BRDA:765,65,0,0
BRDA:765,65,1,3
BRDA:765,66,0,3
BRDA:765,66,1,0
BRDA:765,66,2,0
BRDA:783,67,0,1
BRDA:783,67,1,2
BRDA:783,68,0,3
BRDA:783,68,1,1
BRDA:786,69,0,0
BRDA:786,69,1,1
BRDA:789,70,0,0
BRDA:789,70,1,1
BRDA:806,71,0,0
BRDA:806,71,1,2
BRDA:809,72,0,0
BRDA:809,72,1,2
BRDA:812,73,0,0
BRDA:812,73,1,2
BRDA:816,74,0,1
BRDA:816,74,1,1
BRDA:827,75,0,1
BRDA:827,75,1,0
BRDA:847,76,0,3
BRDA:847,76,1,0
BRDA:849,77,0,0
BRDA:849,77,1,3
BRDA:857,78,0,0
BRDA:857,78,1,0
BRDA:877,79,0,0
BRDA:877,79,1,0
BRDA:880,80,0,0
BRDA:880,80,1,0
BRDA:883,81,0,0
BRDA:883,81,1,0
BRDA:891,82,0,0
BRDA:891,82,1,0
BRDA:902,83,0,0
BRDA:902,83,1,0
BRDA:920,84,0,0
BRDA:920,84,1,0
BRDA:922,85,0,0
BRDA:922,85,1,0
BRDA:929,86,0,0
BRDA:929,86,1,0
BRDA:929,87,0,0
BRDA:929,87,1,0
BRDA:929,87,2,0
BRDA:944,88,0,0
BRDA:944,88,1,0
BRDA:953,89,0,0
BRDA:953,89,1,0
BRDA:956,90,0,0
BRDA:956,90,1,0
BRDA:972,91,0,0
BRDA:972,91,1,0
BRDA:972,92,0,0
BRDA:972,92,1,0
BRDA:972,92,2,0
BRDA:972,92,3,0
BRDA:983,93,0,0
BRDA:983,93,1,0
BRDA:992,94,0,0
BRDA:992,94,1,0
BRDA:996,95,0,0
BRDA:996,95,1,0
BRDA:1002,96,0,0
BRDA:1002,96,1,0
BRDA:1004,97,0,0
BRDA:1004,97,1,0
BRDA:1015,98,0,0
BRDA:1015,98,1,0
BRDA:1015,99,0,0
BRDA:1015,99,1,0
BRDA:1015,99,2,0
BRDA:1015,99,3,0
BRDA:1032,100,0,0
BRDA:1032,100,1,0
BRDA:1041,101,0,0
BRDA:1041,101,1,0
BRDA:1044,102,0,0
BRDA:1044,102,1,0
BRDA:1044,103,0,0
BRDA:1044,103,1,0
BRDA:1062,104,0,0
BRDA:1062,104,1,0
BRDA:1062,105,0,0
BRDA:1062,105,1,0
BRDA:1062,105,2,0
BRDA:1062,105,3,0
BRDA:1072,106,0,0
BRDA:1072,106,1,0
BRDA:1076,107,0,0
BRDA:1076,107,1,0
BRDA:1078,108,0,0
BRDA:1078,108,1,0
BRDA:1085,109,0,0
BRDA:1085,109,1,0
BRDA:1087,110,0,0
BRDA:1087,110,1,0
BRDA:1102,111,0,0
BRDA:1102,111,1,0
BRDA:1102,112,0,0
BRDA:1102,112,1,0
BRDA:1102,112,2,0
BRDA:1115,113,0,0
BRDA:1115,113,1,0
BRDA:1115,114,0,0
BRDA:1115,114,1,0
BRDA:1118,115,0,0
BRDA:1118,115,1,0
BRDA:1121,116,0,0
BRDA:1121,116,1,0
BRDA:1136,117,0,0
BRDA:1136,117,1,0
BRDA:1139,118,0,0
BRDA:1139,118,1,0
BRDA:1142,119,0,0
BRDA:1142,119,1,0
BRDA:1146,120,0,0
BRDA:1146,120,1,0
BRDA:1155,121,0,0
BRDA:1155,121,1,0
BRDA:1173,122,0,0
BRDA:1173,122,1,0
BRDA:1178,123,0,0
BRDA:1178,123,1,0
BRDA:1184,124,0,0
BRDA:1184,124,1,0
BRDA:1186,125,0,0
BRDA:1186,125,1,0
BRDA:1188,126,0,0
BRDA:1188,126,1,0
BRDA:1190,127,0,0
BRDA:1190,127,1,0
BRDA:1192,128,0,0
BRDA:1192,128,1,0
BRF:282
BRH:62
end_of_record
TN:
SF:E:\WebServer\Platform\WebComponent\SourceCode\SIMCardComponent\proxy\flowOperator.js
FN:15,convert2DBInfo
FN:46,convertToProxyInfo
FN:66,generateQueryCondition
FNF:3
FNH:3
FNDA:2,convert2DBInfo
FNDA:5,convertToProxyInfo
FNDA:5,generateQueryCondition
DA:5,1
DA:6,1
DA:7,1
DA:8,1
DA:9,1
DA:10,1
DA:12,1
DA:13,1
DA:15,1
DA:16,2
DA:26,2
DA:27,2
DA:28,2
DA:29,2
DA:39,2
DA:40,1
DA:43,2
DA:46,1
DA:47,5
DA:48,5
DA:49,5
DA:60,5
DA:61,5
DA:62,5
DA:64,5
DA:66,1
DA:68,5
DA:69,5
DA:70,3
DA:71,3
DA:73,0
DA:75,5
DA:76,5
DA:77,5
DA:78,3
DA:79,3
DA:81,0
DA:82,0
DA:84,0
DA:85,0
DA:87,0
DA:88,0
DA:89,0
DA:91,0
DA:93,0
DA:94,0
DA:95,0
DA:96,0
DA:97,0
DA:98,0
DA:99,0
DA:103,0
DA:105,0
DA:106,0
DA:108,0
DA:110,0
DA:111,0
DA:112,0
DA:115,3
DA:116,3
DA:118,3
DA:119,3
DA:121,0
DA:122,0
DA:123,0
DA:126,5
DA:127,0
DA:129,5
DA:131,5
DA:132,0
DA:134,0
DA:135,0
DA:137,0
DA:138,0
DA:139,0
DA:140,0
DA:141,0
DA:142,0
DA:145,0
DA:147,0
DA:149,0
DA:152,5
DA:157,1
DA:158,1
DA:159,1
DA:160,1
DA:164,1
DA:165,1
DA:166,1
DA:167,1
DA:171,1
DA:173,1
DA:176,1
DA:177,1
DA:178,1
DA:179,1
DA:180,1
DA:182,1
DA:186,1
DA:187,0
DA:188,0
DA:189,0
DA:190,0
DA:192,0
DA:196,1
DA:197,2
DA:198,0
DA:200,2
DA:201,0
DA:203,2
DA:204,2
DA:205,2
DA:206,2
DA:207,2
DA:209,2
DA:210,2
DA:215,1
DA:217,2
DA:218,0
DA:220,2
DA:221,0
DA:223,2
DA:224,2
DA:225,2
DA:226,2
DA:227,2
DA:229,2
DA:231,2
DA:232,2
DA:233,2
DA:235,2
DA:240,1
DA:241,2
DA:244,1
DA:245,0
DA:246,0
DA:248,1
DA:249,1
DA:250,0
DA:252,1
DA:253,0
DA:255,1
DA:256,1
DA:257,0
DA:259,1
DA:260,1
DA:261,1
DA:262,1
DA:263,1
DA:265,1
DA:266,1
LF:151
LH:98
BRDA:39,1,0,1
BRDA:39,1,1,1
BRDA:60,2,0,5
BRDA:60,2,1,0
BRDA:70,3,0,3
BRDA:70,3,1,0
BRDA:70,4,0,3
BRDA:70,4,1,3
BRDA:70,4,2,3
BRDA:70,4,3,1
BRDA:70,4,4,1
BRDA:79,5,0,0
BRDA:79,5,1,0
BRDA:79,5,2,0
BRDA:79,5,3,0
BRDA:79,5,4,0
BRDA:79,5,5,0
BRDA:79,5,6,2
BRDA:79,5,7,2
BRDA:79,5,8,2
BRDA:79,5,9,3
BRDA:84,6,0,0
BRDA:84,6,1,0
BRDA:95,7,0,0
BRDA:95,7,1,0
BRDA:98,8,0,0
BRDA:98,8,1,0
BRDA:105,9,0,0
BRDA:105,9,1,0
BRDA:118,10,0,3
BRDA:118,10,1,0
BRDA:122,11,0,0
BRDA:122,11,1,0
BRDA:126,12,0,0
BRDA:126,12,1,5
BRDA:131,13,0,0
BRDA:131,13,1,5
BRDA:134,14,0,0
BRDA:134,14,1,0
BRDA:137,15,0,0
BRDA:137,15,1,0
BRDA:141,16,0,0
BRDA:141,16,1,0
BRDA:197,17,0,0
BRDA:197,17,1,2
BRDA:200,18,0,0
BRDA:200,18,1,2
BRDA:206,19,0,2
BRDA:206,19,1,0
BRDA:217,20,0,0
BRDA:217,20,1,2
BRDA:220,21,0,0
BRDA:220,21,1,2
BRDA:226,22,0,2
BRDA:226,22,1,0
BRDA:249,23,0,0
BRDA:249,23,1,1
BRDA:252,24,0,0
BRDA:252,24,1,1
BRDA:256,25,0,0
BRDA:256,25,1,1
BRDA:256,26,0,1
BRDA:256,26,1,1
BRDA:262,27,0,1
BRDA:262,27,1,0
BRF:65
BRH:28
end_of_record
TN:
SF:E:\WebServer\Platform\WebComponent\SourceCode\SIMCardComponent\models\flowDB.js
FN:101,(anonymous_1)
FNF:1
FNH:1
FNDA:2,(anonymous_1)
DA:11,1
DA:12,1
DA:13,1
DA:14,1
DA:16,1
DA:17,1
DA:19,1
DA:20,0
DA:22,1
DA:23,1
DA:25,1
DA:26,0
DA:30,1
DA:31,1
DA:33,1
DA:34,0
DA:37,1
DA:38,0
DA:40,1
DA:41,0
DA:44,1
DA:45,2
DA:46,0
DA:47,0
DA:50,0
DA:53,2
DA:54,0
DA:56,2
DA:60,1
DA:61,0
DA:64,1
DA:65,2
DA:69,1
DA:70,1
DA:71,0
DA:75,1
DA:76,1
DA:77,1
DA:79,0
DA:81,1
DA:86,1
DA:87,0
DA:90,1
DA:91,1
DA:93,1
DA:94,0
DA:97,1
DA:98,2
DA:102,2
LF:49
LH:35
BRDA:19,1,0,0
BRDA:19,1,1,1
BRDA:25,2,0,0
BRDA:25,2,1,1
BRDA:33,3,0,0
BRDA:33,3,1,1
BRDA:40,4,0,0
BRDA:40,4,1,1
BRDA:45,5,0,0
BRDA:45,5,1,2
BRDA:46,6,0,0
BRDA:46,6,1,0
BRDA:53,7,0,0
BRDA:53,7,1,2
BRDA:60,8,0,0
BRDA:60,8,1,1
BRDA:70,9,0,0
BRDA:70,9,1,1
BRDA:76,10,0,1
BRDA:76,10,1,0
BRDA:86,11,0,0
BRDA:86,11,1,1
BRDA:93,12,0,0
BRDA:93,12,1,1
BRF:24
BRH:11
end_of_record
TN:
SF:E:\WebServer\Platform\WebComponent\SourceCode\SIMCardComponent\controllers\batchProcessing.js
FN:16,isValidQueryCondition
FN:116,(anonymous_2)
FN:123,(anonymous_3)
FNF:3
FNH:3
FNDA:1,isValidQueryCondition
FNDA:1,(anonymous_2)
FNDA:1,(anonymous_3)
DA:9,1
DA:10,1
DA:13,1
DA:14,1
DA:16,1
DA:17,1
DA:18,0
DA:21,0
DA:24,1
DA:116,1
DA:117,1
DA:118,1
DA:119,0
DA:120,0
DA:122,1
DA:123,1
DA:124,1
DA:125,0
DA:126,0
DA:128,1
DA:129,1
DA:130,1
DA:131,1
LF:23
LH:17
BRDA:18,1,0,0
BRDA:18,1,1,0
BRDA:118,2,0,0
BRDA:118,2,1,1
BRDA:124,3,0,0
BRDA:124,3,1,1
BRF:6
BRH:2
end_of_record
TN:
SF:E:\WebServer\Platform\WebComponent\SourceCode\SIMCardComponent\proxy\batchProcessingOperator.js
FN:17,batchProcessingOperator
FN:21,(anonymous_2)
FN:25,(anonymous_3)
FN:46,(anonymous_4)
FN:127,(anonymous_5)
FN:130,(anonymous_6)
FN:135,(anonymous_7)
FN:136,(anonymous_8)
FN:151,generateOption
FN:166,(anonymous_10)
FN:168,(anonymous_11)
FN:173,(anonymous_12)
FN:183,(anonymous_13)
FN:186,(anonymous_14)
FN:189,(anonymous_15)
FN:209,(anonymous_16)
FN:215,(anonymous_17)
FN:222,(anonymous_18)
FN:225,(anonymous_19)
FN:231,(anonymous_20)
FN:232,(anonymous_21)
FNF:21
FNH:8
FNDA:1,batchProcessingOperator
FNDA:47,(anonymous_2)
FNDA:337,(anonymous_3)
FNDA:1,(anonymous_4)
FNDA:1,(anonymous_5)
FNDA:1,(anonymous_6)
FNDA:1,(anonymous_7)
FNDA:1,(anonymous_8)
FNDA:0,generateOption
FNDA:0,(anonymous_10)
FNDA:0,(anonymous_11)
FNDA:0,(anonymous_12)
FNDA:0,(anonymous_13)
FNDA:0,(anonymous_14)
FNDA:0,(anonymous_15)
FNDA:0,(anonymous_16)
FNDA:0,(anonymous_17)
FNDA:0,(anonymous_18)
FNDA:0,(anonymous_19)
FNDA:0,(anonymous_20)
FNDA:0,(anonymous_21)
DA:9,1
DA:10,1
DA:11,1
DA:13,1
DA:14,1
DA:17,1
DA:18,1
DA:21,1
DA:22,47
DA:23,47
DA:24,47
DA:25,47
DA:26,337
DA:27,290
DA:28,155
DA:30,135
DA:34,47
DA:35,47
DA:39,47
DA:40,4
DA:43,47
DA:46,1
DA:47,1
DA:48,0
DA:49,0
DA:50,0
DA:51,0
DA:52,0
DA:53,0
DA:54,0
DA:55,0
DA:58,1
DA:59,1
DA:68,1
DA:69,2
DA:70,2
DA:72,1
DA:73,1
DA:127,1
DA:128,1
DA:129,1
DA:130,1
DA:131,1
DA:133,1
DA:134,1
DA:135,1
DA:136,1
DA:137,1
DA:138,0
DA:140,1
DA:142,1
DA:143,1
DA:151,1
DA:152,0
DA:166,1
DA:167,0
DA:168,0
DA:169,0
DA:170,0
DA:173,0
DA:174,0
DA:175,0
DA:178,0
DA:179,0
DA:180,0
DA:181,0
DA:183,0
DA:185,0
DA:186,0
DA:187,0
DA:189,0
DA:190,0
DA:191,0
DA:192,0
DA:193,0
DA:194,0
DA:196,0
DA:199,0
DA:200,0
DA:204,0
DA:205,0
DA:206,0
DA:209,0
DA:210,0
DA:211,0
DA:212,0
DA:213,0
DA:215,0
DA:216,0
DA:217,0
DA:218,0
DA:222,1
DA:223,0
DA:224,0
DA:225,0
DA:226,0
DA:229,0
DA:230,0
DA:231,0
DA:232,0
DA:233,0
DA:234,0
DA:236,0
DA:238,0
DA:239,0
DA:246,1
DA:248,1
LF:107
LH:48
BRDA:26,1,0,47
BRDA:26,1,1,290
BRDA:27,2,0,155
BRDA:27,2,1,135
BRDA:39,3,0,4
BRDA:39,3,1,43
BRDA:47,4,0,0
BRDA:47,4,1,1
BRDA:70,5,0,1
BRDA:70,5,1,1
BRDA:137,6,0,0
BRDA:137,6,1,1
BRDA:142,7,0,1
BRDA:142,7,1,0
BRDA:193,8,0,0
BRDA:193,8,1,0
BRDA:193,9,0,0
BRDA:193,9,1,0
BRDA:193,9,2,0
BRDA:204,10,0,0
BRDA:204,10,1,0
BRDA:233,11,0,0
BRDA:233,11,1,0
BRDA:238,12,0,0
BRDA:238,12,1,0
BRF:25
BRH:11
end_of_record
TN:
SF:E:\WebServer\Platform\WebComponent\SourceCode\SIMCardComponent\routes\users.js
FN:5,(anonymous_1)
FNF:1
FNH:0
FNDA:0,(anonymous_1)
DA:1,1
DA:2,1
DA:5,1
DA:6,0
DA:9,1
LF:5
LH:4
BRF:0
BRH:0
end_of_record
